TN:
SF:/home/runner/work/ros2_uav_interfaces/ros2_uav_interfaces/build/ros2_uav_interfaces/rosidl_generator_c/ros2_uav_interfaces/msg/detail/coordinate__functions.c
FN:24,ros2_uav_interfaces__msg__Coordinate__init
FN:53,ros2_uav_interfaces__msg__Coordinate__fini
FN:69,ros2_uav_interfaces__msg__Coordinate__are_equal
FN:102,ros2_uav_interfaces__msg__Coordinate__copy
FN:137,ros2_uav_interfaces__msg__Coordinate__create
FN:154,ros2_uav_interfaces__msg__Coordinate__destroy
FN:165,ros2_uav_interfaces__msg__Coordinate__Sequence__init
FN:202,ros2_uav_interfaces__msg__Coordinate__Sequence__fini
FN:228,ros2_uav_interfaces__msg__Coordinate__Sequence__create
FN:244,ros2_uav_interfaces__msg__Coordinate__Sequence__destroy
FN:254,ros2_uav_interfaces__msg__Coordinate__Sequence__are_equal
FN:271,ros2_uav_interfaces__msg__Coordinate__Sequence__copy
FNDA:0,ros2_uav_interfaces__msg__Coordinate__Sequence__create
FNDA:0,ros2_uav_interfaces__msg__Coordinate__are_equal
FNDA:0,ros2_uav_interfaces__msg__Coordinate__Sequence__fini
FNDA:0,ros2_uav_interfaces__msg__Coordinate__Sequence__are_equal
FNDA:0,ros2_uav_interfaces__msg__Coordinate__Sequence__init
FNDA:0,ros2_uav_interfaces__msg__Coordinate__destroy
FNDA:0,ros2_uav_interfaces__msg__Coordinate__fini
FNDA:0,ros2_uav_interfaces__msg__Coordinate__Sequence__copy
FNDA:0,ros2_uav_interfaces__msg__Coordinate__Sequence__destroy
FNDA:0,ros2_uav_interfaces__msg__Coordinate__copy
FNDA:0,ros2_uav_interfaces__msg__Coordinate__init
FNDA:0,ros2_uav_interfaces__msg__Coordinate__create
FNF:12
FNH:0
DA:24,0
DA:26,0
DA:27,0
DA:30,0
DA:31,0
DA:32,0
DA:35,0
DA:36,0
DA:37,0
DA:40,0
DA:41,0
DA:42,0
DA:45,0
DA:46,0
DA:47,0
DA:49,0
DA:53,0
DA:55,0
DA:56,0
DA:59,0
DA:61,0
DA:63,0
DA:65,0
DA:69,0
DA:71,0
DA:72,0
DA:75,0
DA:78,0
DA:81,0
DA:84,0
DA:87,0
DA:90,0
DA:93,0
DA:96,0
DA:98,0
DA:102,0
DA:106,0
DA:107,0
DA:110,0
DA:113,0
DA:116,0
DA:119,0
DA:122,0
DA:125,0
DA:128,0
DA:131,0
DA:133,0
DA:137,0
DA:139,0
DA:140,0
DA:141,0
DA:142,0
DA:144,0
DA:145,0
DA:146,0
DA:147,0
DA:148,0
DA:150,0
DA:154,0
DA:156,0
DA:157,0
DA:158,0
DA:160,0
DA:161,0
DA:165,0
DA:167,0
DA:168,0
DA:170,0
DA:171,0
DA:173,0
DA:174,0
DA:175,0
DA:176,0
DA:180,0
DA:181,0
DA:182,0
DA:183,0
DA:186,0
DA:188,0
DA:189,0
DA:191,0
DA:192,0
DA:195,0
DA:196,0
DA:197,0
DA:198,0
DA:202,0
DA:204,0
DA:205,0
DA:207,0
DA:209,0
DA:211,0
DA:213,0
DA:214,0
DA:216,0
DA:217,0
DA:218,0
DA:219,0
DA:222,0
DA:223,0
DA:228,0
DA:230,0
DA:231,0
DA:232,0
DA:233,0
DA:235,0
DA:236,0
DA:237,0
DA:238,0
DA:240,0
DA:244,0
DA:246,0
DA:247,0
DA:248,0
DA:250,0
DA:251,0
DA:254,0
DA:256,0
DA:257,0
DA:259,0
DA:260,0
DA:262,0
DA:263,0
DA:264,0
DA:267,0
DA:271,0
DA:275,0
DA:276,0
DA:278,0
DA:279,0
DA:280,0
DA:281,0
DA:283,0
DA:284,0
DA:285,0
DA:286,0
DA:290,0
DA:291,0
DA:292,0
DA:296,0
DA:297,0
DA:299,0
DA:302,0
DA:304,0
DA:305,0
DA:306,0
DA:307,0
DA:309,0
DA:312,0
LF:149
LH:0
end_of_record
TN:
SF:/home/runner/work/ros2_uav_interfaces/ros2_uav_interfaces/build/ros2_uav_interfaces/rosidl_generator_c/ros2_uav_interfaces/msg/detail/float_array__functions.c
FN:19,ros2_uav_interfaces__msg__FloatArray__init
FN:33,ros2_uav_interfaces__msg__FloatArray__fini
FN:43,ros2_uav_interfaces__msg__FloatArray__are_equal
FN:58,ros2_uav_interfaces__msg__FloatArray__copy
FN:75,ros2_uav_interfaces__msg__FloatArray__create
FN:92,ros2_uav_interfaces__msg__FloatArray__destroy
FN:103,ros2_uav_interfaces__msg__FloatArray__Sequence__init
FN:140,ros2_uav_interfaces__msg__FloatArray__Sequence__fini
FN:166,ros2_uav_interfaces__msg__FloatArray__Sequence__create
FN:182,ros2_uav_interfaces__msg__FloatArray__Sequence__destroy
FN:192,ros2_uav_interfaces__msg__FloatArray__Sequence__are_equal
FN:209,ros2_uav_interfaces__msg__FloatArray__Sequence__copy
FNDA:0,ros2_uav_interfaces__msg__FloatArray__fini
FNDA:0,ros2_uav_interfaces__msg__FloatArray__Sequence__fini
FNDA:0,ros2_uav_interfaces__msg__FloatArray__Sequence__are_equal
FNDA:0,ros2_uav_interfaces__msg__FloatArray__Sequence__init
FNDA:0,ros2_uav_interfaces__msg__FloatArray__Sequence__destroy
FNDA:0,ros2_uav_interfaces__msg__FloatArray__init
FNDA:0,ros2_uav_interfaces__msg__FloatArray__destroy
FNDA:0,ros2_uav_interfaces__msg__FloatArray__Sequence__copy
FNDA:0,ros2_uav_interfaces__msg__FloatArray__create
FNDA:0,ros2_uav_interfaces__msg__FloatArray__are_equal
FNDA:0,ros2_uav_interfaces__msg__FloatArray__copy
FNDA:0,ros2_uav_interfaces__msg__FloatArray__Sequence__create
FNF:12
FNH:0
DA:19,0
DA:21,0
DA:22,0
DA:25,0
DA:26,0
DA:27,0
DA:29,0
DA:33,0
DA:35,0
DA:36,0
DA:39,0
DA:43,0
DA:45,0
DA:46,0
DA:49,0
DA:52,0
DA:54,0
DA:58,0
DA:62,0
DA:63,0
DA:66,0
DA:69,0
DA:71,0
DA:75,0
DA:77,0
DA:78,0
DA:79,0
DA:80,0
DA:82,0
DA:83,0
DA:84,0
DA:85,0
DA:86,0
DA:88,0
DA:92,0
DA:94,0
DA:95,0
DA:96,0
DA:98,0
DA:99,0
DA:103,0
DA:105,0
DA:106,0
DA:108,0
DA:109,0
DA:111,0
DA:112,0
DA:113,0
DA:114,0
DA:118,0
DA:119,0
DA:120,0
DA:121,0
DA:124,0
DA:126,0
DA:127,0
DA:129,0
DA:130,0
DA:133,0
DA:134,0
DA:135,0
DA:136,0
DA:140,0
DA:142,0
DA:143,0
DA:145,0
DA:147,0
DA:149,0
DA:151,0
DA:152,0
DA:154,0
DA:155,0
DA:156,0
DA:157,0
DA:160,0
DA:161,0
DA:166,0
DA:168,0
DA:169,0
DA:170,0
DA:171,0
DA:173,0
DA:174,0
DA:175,0
DA:176,0
DA:178,0
DA:182,0
DA:184,0
DA:185,0
DA:186,0
DA:188,0
DA:189,0
DA:192,0
DA:194,0
DA:195,0
DA:197,0
DA:198,0
DA:200,0
DA:201,0
DA:202,0
DA:205,0
DA:209,0
DA:213,0
DA:214,0
DA:216,0
DA:217,0
DA:218,0
DA:219,0
DA:221,0
DA:222,0
DA:223,0
DA:224,0
DA:228,0
DA:229,0
DA:230,0
DA:234,0
DA:235,0
DA:237,0
DA:240,0
DA:242,0
DA:243,0
DA:244,0
DA:245,0
DA:247,0
DA:250,0
LF:125
LH:0
end_of_record
TN:
SF:/home/runner/work/ros2_uav_interfaces/ros2_uav_interfaces/build/ros2_uav_interfaces/rosidl_generator_c/ros2_uav_interfaces/msg/detail/pose_heading__functions.c
FN:23,ros2_uav_interfaces__msg__PoseHeading__init
FN:48,ros2_uav_interfaces__msg__PoseHeading__fini
FN:63,ros2_uav_interfaces__msg__PoseHeading__are_equal
FN:94,ros2_uav_interfaces__msg__PoseHeading__copy
FN:125,ros2_uav_interfaces__msg__PoseHeading__create
FN:142,ros2_uav_interfaces__msg__PoseHeading__destroy
FN:153,ros2_uav_interfaces__msg__PoseHeading__Sequence__init
FN:190,ros2_uav_interfaces__msg__PoseHeading__Sequence__fini
FN:216,ros2_uav_interfaces__msg__PoseHeading__Sequence__create
FN:232,ros2_uav_interfaces__msg__PoseHeading__Sequence__destroy
FN:242,ros2_uav_interfaces__msg__PoseHeading__Sequence__are_equal
FN:259,ros2_uav_interfaces__msg__PoseHeading__Sequence__copy
FNDA:0,ros2_uav_interfaces__msg__PoseHeading__Sequence__destroy
FNDA:0,ros2_uav_interfaces__msg__PoseHeading__init
FNDA:0,ros2_uav_interfaces__msg__PoseHeading__create
FNDA:0,ros2_uav_interfaces__msg__PoseHeading__Sequence__fini
FNDA:0,ros2_uav_interfaces__msg__PoseHeading__Sequence__copy
FNDA:0,ros2_uav_interfaces__msg__PoseHeading__Sequence__init
FNDA:0,ros2_uav_interfaces__msg__PoseHeading__Sequence__are_equal
FNDA:0,ros2_uav_interfaces__msg__PoseHeading__Sequence__create
FNDA:0,ros2_uav_interfaces__msg__PoseHeading__copy
FNDA:0,ros2_uav_interfaces__msg__PoseHeading__fini
FNDA:0,ros2_uav_interfaces__msg__PoseHeading__are_equal
FNDA:0,ros2_uav_interfaces__msg__PoseHeading__destroy
FNF:12
FNH:0
DA:23,0
DA:25,0
DA:26,0
DA:29,0
DA:30,0
DA:31,0
DA:34,0
DA:35,0
DA:36,0
DA:39,0
DA:40,0
DA:41,0
DA:44,0
DA:48,0
DA:50,0
DA:51,0
DA:54,0
DA:56,0
DA:58,0
DA:63,0
DA:65,0
DA:66,0
DA:69,0
DA:72,0
DA:75,0
DA:78,0
DA:81,0
DA:84,0
DA:87,0
DA:88,0
DA:90,0
DA:94,0
DA:98,0
DA:99,0
DA:102,0
DA:105,0
DA:108,0
DA:111,0
DA:114,0
DA:117,0
DA:120,0
DA:121,0
DA:125,0
DA:127,0
DA:128,0
DA:129,0
DA:130,0
DA:132,0
DA:133,0
DA:134,0
DA:135,0
DA:136,0
DA:138,0
DA:142,0
DA:144,0
DA:145,0
DA:146,0
DA:148,0
DA:149,0
DA:153,0
DA:155,0
DA:156,0
DA:158,0
DA:159,0
DA:161,0
DA:162,0
DA:163,0
DA:164,0
DA:168,0
DA:169,0
DA:170,0
DA:171,0
DA:174,0
DA:176,0
DA:177,0
DA:179,0
DA:180,0
DA:183,0
DA:184,0
DA:185,0
DA:186,0
DA:190,0
DA:192,0
DA:193,0
DA:195,0
DA:197,0
DA:199,0
DA:201,0
DA:202,0
DA:204,0
DA:205,0
DA:206,0
DA:207,0
DA:210,0
DA:211,0
DA:216,0
DA:218,0
DA:219,0
DA:220,0
DA:221,0
DA:223,0
DA:224,0
DA:225,0
DA:226,0
DA:228,0
DA:232,0
DA:234,0
DA:235,0
DA:236,0
DA:238,0
DA:239,0
DA:242,0
DA:244,0
DA:245,0
DA:247,0
DA:248,0
DA:250,0
DA:251,0
DA:252,0
DA:255,0
DA:259,0
DA:263,0
DA:264,0
DA:266,0
DA:267,0
DA:268,0
DA:269,0
DA:271,0
DA:272,0
DA:273,0
DA:274,0
DA:278,0
DA:279,0
DA:280,0
DA:284,0
DA:285,0
DA:287,0
DA:290,0
DA:292,0
DA:293,0
DA:294,0
DA:295,0
DA:297,0
DA:300,0
LF:144
LH:0
end_of_record
TN:
SF:/home/runner/work/ros2_uav_interfaces/ros2_uav_interfaces/build/ros2_uav_interfaces/rosidl_generator_c/ros2_uav_interfaces/srv/detail/parameter_client_register__functions.c
FN:18,ros2_uav_interfaces__srv__ParameterClientRegister_Request__init
FN:33,ros2_uav_interfaces__srv__ParameterClientRegister_Request__fini
FN:44,ros2_uav_interfaces__srv__ParameterClientRegister_Request__are_equal
FN:63,ros2_uav_interfaces__srv__ParameterClientRegister_Request__copy
FN:82,ros2_uav_interfaces__srv__ParameterClientRegister_Request__create
FN:99,ros2_uav_interfaces__srv__ParameterClientRegister_Request__destroy
FN:110,ros2_uav_interfaces__srv__ParameterClientRegister_Request__Sequence__init
FN:147,ros2_uav_interfaces__srv__ParameterClientRegister_Request__Sequence__fini
FN:173,ros2_uav_interfaces__srv__ParameterClientRegister_Request__Sequence__create
FN:189,ros2_uav_interfaces__srv__ParameterClientRegister_Request__Sequence__destroy
FN:199,ros2_uav_interfaces__srv__ParameterClientRegister_Request__Sequence__are_equal
FN:216,ros2_uav_interfaces__srv__ParameterClientRegister_Request__Sequence__copy
FN:267,ros2_uav_interfaces__srv__ParameterClientRegister_Response__init
FN:282,ros2_uav_interfaces__srv__ParameterClientRegister_Response__fini
FN:293,ros2_uav_interfaces__srv__ParameterClientRegister_Response__are_equal
FN:312,ros2_uav_interfaces__srv__ParameterClientRegister_Response__copy
FN:331,ros2_uav_interfaces__srv__ParameterClientRegister_Response__create
FN:348,ros2_uav_interfaces__srv__ParameterClientRegister_Response__destroy
FN:359,ros2_uav_interfaces__srv__ParameterClientRegister_Response__Sequence__init
FN:396,ros2_uav_interfaces__srv__ParameterClientRegister_Response__Sequence__fini
FN:422,ros2_uav_interfaces__srv__ParameterClientRegister_Response__Sequence__create
FN:438,ros2_uav_interfaces__srv__ParameterClientRegister_Response__Sequence__destroy
FN:448,ros2_uav_interfaces__srv__ParameterClientRegister_Response__Sequence__are_equal
FN:465,ros2_uav_interfaces__srv__ParameterClientRegister_Response__Sequence__copy
FNDA:0,ros2_uav_interfaces__srv__ParameterClientRegister_Request__init
FNDA:0,ros2_uav_interfaces__srv__ParameterClientRegister_Request__Sequence__are_equal
FNDA:0,ros2_uav_interfaces__srv__ParameterClientRegister_Response__Sequence__create
FNDA:0,ros2_uav_interfaces__srv__ParameterClientRegister_Response__Sequence__fini
FNDA:0,ros2_uav_interfaces__srv__ParameterClientRegister_Response__copy
FNDA:0,ros2_uav_interfaces__srv__ParameterClientRegister_Response__Sequence__init
FNDA:0,ros2_uav_interfaces__srv__ParameterClientRegister_Response__create
FNDA:0,ros2_uav_interfaces__srv__ParameterClientRegister_Request__Sequence__destroy
FNDA:0,ros2_uav_interfaces__srv__ParameterClientRegister_Request__are_equal
FNDA:0,ros2_uav_interfaces__srv__ParameterClientRegister_Request__Sequence__create
FNDA:0,ros2_uav_interfaces__srv__ParameterClientRegister_Response__Sequence__copy
FNDA:0,ros2_uav_interfaces__srv__ParameterClientRegister_Request__create
FNDA:0,ros2_uav_interfaces__srv__ParameterClientRegister_Request__fini
FNDA:0,ros2_uav_interfaces__srv__ParameterClientRegister_Response__are_equal
FNDA:0,ros2_uav_interfaces__srv__ParameterClientRegister_Response__fini
FNDA:0,ros2_uav_interfaces__srv__ParameterClientRegister_Request__Sequence__init
FNDA:0,ros2_uav_interfaces__srv__ParameterClientRegister_Request__copy
FNDA:0,ros2_uav_interfaces__srv__ParameterClientRegister_Request__Sequence__copy
FNDA:0,ros2_uav_interfaces__srv__ParameterClientRegister_Response__destroy
FNDA:0,ros2_uav_interfaces__srv__ParameterClientRegister_Request__Sequence__fini
FNDA:0,ros2_uav_interfaces__srv__ParameterClientRegister_Request__destroy
FNDA:0,ros2_uav_interfaces__srv__ParameterClientRegister_Response__Sequence__are_equal
FNDA:0,ros2_uav_interfaces__srv__ParameterClientRegister_Response__init
FNDA:0,ros2_uav_interfaces__srv__ParameterClientRegister_Response__Sequence__destroy
FNF:24
FNH:0
DA:18,0
DA:20,0
DA:21,0
DA:24,0
DA:25,0
DA:26,0
DA:29,0
DA:33,0
DA:35,0
DA:36,0
DA:39,0
DA:44,0
DA:46,0
DA:47,0
DA:50,0
DA:53,0
DA:56,0
DA:57,0
DA:59,0
DA:63,0
DA:67,0
DA:68,0
DA:71,0
DA:74,0
DA:77,0
DA:78,0
DA:82,0
DA:84,0
DA:85,0
DA:86,0
DA:87,0
DA:89,0
DA:90,0
DA:91,0
DA:92,0
DA:93,0
DA:95,0
DA:99,0
DA:101,0
DA:102,0
DA:103,0
DA:105,0
DA:106,0
DA:110,0
DA:112,0
DA:113,0
DA:115,0
DA:116,0
DA:118,0
DA:119,0
DA:120,0
DA:121,0
DA:125,0
DA:126,0
DA:127,0
DA:128,0
DA:131,0
DA:133,0
DA:134,0
DA:136,0
DA:137,0
DA:140,0
DA:141,0
DA:142,0
DA:143,0
DA:147,0
DA:149,0
DA:150,0
DA:152,0
DA:154,0
DA:156,0
DA:158,0
DA:159,0
DA:161,0
DA:162,0
DA:163,0
DA:164,0
DA:167,0
DA:168,0
DA:173,0
DA:175,0
DA:176,0
DA:177,0
DA:178,0
DA:180,0
DA:181,0
DA:182,0
DA:183,0
DA:185,0
DA:189,0
DA:191,0
DA:192,0
DA:193,0
DA:195,0
DA:196,0
DA:199,0
DA:201,0
DA:202,0
DA:204,0
DA:205,0
DA:207,0
DA:208,0
DA:209,0
DA:212,0
DA:216,0
DA:220,0
DA:221,0
DA:223,0
DA:224,0
DA:225,0
DA:226,0
DA:228,0
DA:229,0
DA:230,0
DA:231,0
DA:235,0
DA:236,0
DA:237,0
DA:241,0
DA:242,0
DA:244,0
DA:247,0
DA:249,0
DA:250,0
DA:251,0
DA:252,0
DA:254,0
DA:257,0
DA:267,0
DA:269,0
DA:270,0
DA:274,0
DA:275,0
DA:276,0
DA:278,0
DA:282,0
DA:284,0
DA:285,0
DA:289,0
DA:293,0
DA:295,0
DA:296,0
DA:299,0
DA:300,0
DA:303,0
DA:306,0
DA:308,0
DA:312,0
DA:316,0
DA:317,0
DA:320,0
DA:322,0
DA:325,0
DA:327,0
DA:331,0
DA:333,0
DA:334,0
DA:335,0
DA:336,0
DA:338,0
DA:339,0
DA:340,0
DA:341,0
DA:342,0
DA:344,0
DA:348,0
DA:350,0
DA:351,0
DA:352,0
DA:354,0
DA:355,0
DA:359,0
DA:361,0
DA:362,0
DA:364,0
DA:365,0
DA:367,0
DA:368,0
DA:369,0
DA:370,0
DA:374,0
DA:375,0
DA:376,0
DA:377,0
DA:380,0
DA:382,0
DA:383,0
DA:385,0
DA:386,0
DA:389,0
DA:390,0
DA:391,0
DA:392,0
DA:396,0
DA:398,0
DA:399,0
DA:401,0
DA:403,0
DA:405,0
DA:407,0
DA:408,0
DA:410,0
DA:411,0
DA:412,0
DA:413,0
DA:416,0
DA:417,0
DA:422,0
DA:424,0
DA:425,0
DA:426,0
DA:427,0
DA:429,0
DA:430,0
DA:431,0
DA:432,0
DA:434,0
DA:438,0
DA:440,0
DA:441,0
DA:442,0
DA:444,0
DA:445,0
DA:448,0
DA:450,0
DA:451,0
DA:453,0
DA:454,0
DA:456,0
DA:457,0
DA:458,0
DA:461,0
DA:465,0
DA:469,0
DA:470,0
DA:472,0
DA:473,0
DA:474,0
DA:475,0
DA:477,0
DA:478,0
DA:479,0
DA:480,0
DA:484,0
DA:485,0
DA:486,0
DA:490,0
DA:491,0
DA:493,0
DA:496,0
DA:498,0
DA:499,0
DA:500,0
DA:501,0
DA:503,0
DA:506,0
LF:256
LH:0
end_of_record
TN:
SF:/home/runner/work/ros2_uav_interfaces/ros2_uav_interfaces/build/ros2_uav_interfaces/rosidl_generator_cpp/ros2_uav_interfaces/msg/detail/coordinate__struct.hpp
FN:40,_ZN19ros2_uav_interfaces3msg11Coordinate_ISaIvEEC2EN18rosidl_runtime_cpp21MessageInitializationE
FNDA:0,_ZN19ros2_uav_interfaces3msg11Coordinate_ISaIvEEC2EN18rosidl_runtime_cpp21MessageInitializationE
FNF:1
FNH:0
DA:40,0
DA:41,0
DA:42,0
DA:45,0
DA:46,0
DA:48,0
LF:6
LH:0
end_of_record
TN:
SF:/home/runner/work/ros2_uav_interfaces/ros2_uav_interfaces/build/ros2_uav_interfaces/rosidl_generator_cpp/ros2_uav_interfaces/msg/detail/float_array__struct.hpp
FN:36,_ZN19ros2_uav_interfaces3msg11FloatArray_ISaIvEEC2EN18rosidl_runtime_cpp21MessageInitializationE
FNDA:0,_ZN19ros2_uav_interfaces3msg11FloatArray_ISaIvEEC2EN18rosidl_runtime_cpp21MessageInitializationE
FNF:1
FNH:0
DA:36,0
DA:37,0
DA:39,0
LF:3
LH:0
end_of_record
TN:
SF:/home/runner/work/ros2_uav_interfaces/ros2_uav_interfaces/build/ros2_uav_interfaces/rosidl_generator_cpp/ros2_uav_interfaces/msg/detail/pose_heading__struct.hpp
FN:44,_ZN19ros2_uav_interfaces3msg12PoseHeading_ISaIvEEC2EN18rosidl_runtime_cpp21MessageInitializationE
FNDA:0,_ZN19ros2_uav_interfaces3msg12PoseHeading_ISaIvEEC2EN18rosidl_runtime_cpp21MessageInitializationE
FNF:1
FNH:0
DA:44,0
DA:45,0
DA:46,0
DA:47,0
DA:49,0
DA:52,0
DA:54,0
LF:7
LH:0
end_of_record
TN:
SF:/home/runner/work/ros2_uav_interfaces/ros2_uav_interfaces/build/ros2_uav_interfaces/rosidl_generator_cpp/ros2_uav_interfaces/srv/detail/parameter_client_register__struct.hpp
FN:36,_ZN19ros2_uav_interfaces3srv32ParameterClientRegister_Request_ISaIvEEC2EN18rosidl_runtime_cpp21MessageInitializationE
FN:164,_ZN19ros2_uav_interfaces3srv33ParameterClientRegister_Response_ISaIvEEC2EN18rosidl_runtime_cpp21MessageInitializationE
FNDA:0,_ZN19ros2_uav_interfaces3srv32ParameterClientRegister_Request_ISaIvEEC2EN18rosidl_runtime_cpp21MessageInitializationE
FNDA:0,_ZN19ros2_uav_interfaces3srv33ParameterClientRegister_Response_ISaIvEEC2EN18rosidl_runtime_cpp21MessageInitializationE
FNF:2
FNH:0
DA:36,0
DA:37,0
DA:38,0
DA:41,0
DA:42,0
DA:44,0
DA:164,0
DA:165,0
DA:166,0
DA:169,0
DA:170,0
DA:172,0
LF:12
LH:0
end_of_record
TN:
SF:/home/runner/work/ros2_uav_interfaces/ros2_uav_interfaces/build/ros2_uav_interfaces/rosidl_generator_py/ros2_uav_interfaces/_ros2_uav_interfaces_s.ep.rosidl_typesupport_c.c
FN:31,ros2_uav_interfaces__msg__coordinate__create_ros_message
FN:36,ros2_uav_interfaces__msg__coordinate__destroy_ros_message
FN:53,_register_msg_type__msg__coordinate
FN:170,ros2_uav_interfaces__msg__float_array__create_ros_message
FN:175,ros2_uav_interfaces__msg__float_array__destroy_ros_message
FN:192,_register_msg_type__msg__float_array
FN:309,ros2_uav_interfaces__msg__pose_heading__create_ros_message
FN:314,ros2_uav_interfaces__msg__pose_heading__destroy_ros_message
FN:331,_register_msg_type__msg__pose_heading
FN:448,ros2_uav_interfaces__srv__parameter_client_register__request__create_ros_message
FN:453,ros2_uav_interfaces__srv__parameter_client_register__request__destroy_ros_message
FN:470,_register_msg_type__srv__parameter_client_register__request
FN:590,ros2_uav_interfaces__srv__parameter_client_register__response__create_ros_message
FN:595,ros2_uav_interfaces__srv__parameter_client_register__response__destroy_ros_message
FN:612,_register_msg_type__srv__parameter_client_register__response
FN:718,_register_srv_type__srv__parameter_client_register
FN:743,PyInit_ros2_uav_interfaces_s__rosidl_typesupport_c
FNDA:0,ros2_uav_interfaces__msg__float_array__create_ros_message
FNDA:0,ros2_uav_interfaces__msg__pose_heading__create_ros_message
FNDA:0,_register_msg_type__srv__parameter_client_register__request
FNDA:0,_register_msg_type__msg__float_array
FNDA:0,_register_srv_type__srv__parameter_client_register
FNDA:0,ros2_uav_interfaces__msg__pose_heading__destroy_ros_message
FNDA:0,ros2_uav_interfaces__srv__parameter_client_register__response__destroy_ros_message
FNDA:0,ros2_uav_interfaces__msg__coordinate__destroy_ros_message
FNDA:0,_register_msg_type__msg__pose_heading
FNDA:0,_register_msg_type__msg__coordinate
FNDA:0,ros2_uav_interfaces__srv__parameter_client_register__request__destroy_ros_message
FNDA:0,ros2_uav_interfaces__msg__coordinate__create_ros_message
FNDA:0,ros2_uav_interfaces__srv__parameter_client_register__response__create_ros_message
FNDA:0,ros2_uav_interfaces__msg__float_array__destroy_ros_message
FNDA:0,_register_msg_type__srv__parameter_client_register__response
FNDA:0,PyInit_ros2_uav_interfaces_s__rosidl_typesupport_c
FNDA:0,ros2_uav_interfaces__srv__parameter_client_register__request__create_ros_message
FNF:17
FNH:0
DA:31,0
DA:33,0
DA:36,0
DA:38,0
DA:39,0
DA:40,0
DA:53,0
DA:57,0
DA:58,0
DA:61,0
DA:63,0
DA:65,0
DA:69,0
DA:71,0
DA:73,0
DA:76,0
DA:77,0
DA:80,0
DA:82,0
DA:84,0
DA:88,0
DA:90,0
DA:92,0
DA:95,0
DA:96,0
DA:99,0
DA:101,0
DA:103,0
DA:107,0
DA:109,0
DA:111,0
DA:114,0
DA:115,0
DA:118,0
DA:120,0
DA:122,0
DA:126,0
DA:128,0
DA:130,0
DA:133,0
DA:134,0
DA:135,0
DA:137,0
DA:139,0
DA:141,0
DA:145,0
DA:147,0
DA:149,0
DA:151,0
DA:170,0
DA:172,0
DA:175,0
DA:177,0
DA:178,0
DA:179,0
DA:192,0
DA:196,0
DA:197,0
DA:200,0
DA:202,0
DA:204,0
DA:208,0
DA:210,0
DA:212,0
DA:215,0
DA:216,0
DA:219,0
DA:221,0
DA:223,0
DA:227,0
DA:229,0
DA:231,0
DA:234,0
DA:235,0
DA:238,0
DA:240,0
DA:242,0
DA:246,0
DA:248,0
DA:250,0
DA:253,0
DA:254,0
DA:257,0
DA:259,0
DA:261,0
DA:265,0
DA:267,0
DA:269,0
DA:272,0
DA:273,0
DA:274,0
DA:276,0
DA:278,0
DA:280,0
DA:284,0
DA:286,0
DA:288,0
DA:290,0
DA:309,0
DA:311,0
DA:314,0
DA:316,0
DA:317,0
DA:318,0
DA:331,0
DA:335,0
DA:336,0
DA:339,0
DA:341,0
DA:343,0
DA:347,0
DA:349,0
DA:351,0
DA:354,0
DA:355,0
DA:358,0
DA:360,0
DA:362,0
DA:366,0
DA:368,0
DA:370,0
DA:373,0
DA:374,0
DA:377,0
DA:379,0
DA:381,0
DA:385,0
DA:387,0
DA:389,0
DA:392,0
DA:393,0
DA:396,0
DA:398,0
DA:400,0
DA:404,0
DA:406,0
DA:408,0
DA:411,0
DA:412,0
DA:413,0
DA:415,0
DA:417,0
DA:419,0
DA:423,0
DA:425,0
DA:427,0
DA:429,0
DA:448,0
DA:450,0
DA:453,0
DA:455,0
DA:456,0
DA:457,0
DA:470,0
DA:474,0
DA:475,0
DA:478,0
DA:480,0
DA:482,0
DA:486,0
DA:488,0
DA:490,0
DA:493,0
DA:494,0
DA:497,0
DA:499,0
DA:501,0
DA:505,0
DA:507,0
DA:509,0
DA:512,0
DA:513,0
DA:516,0
DA:518,0
DA:520,0
DA:524,0
DA:526,0
DA:528,0
DA:531,0
DA:532,0
DA:535,0
DA:537,0
DA:539,0
DA:543,0
DA:545,0
DA:547,0
DA:550,0
DA:551,0
DA:552,0
DA:554,0
DA:556,0
DA:558,0
DA:562,0
DA:564,0
DA:566,0
DA:568,0
DA:590,0
DA:592,0
DA:595,0
DA:597,0
DA:598,0
DA:599,0
DA:612,0
DA:616,0
DA:617,0
DA:620,0
DA:622,0
DA:624,0
DA:628,0
DA:630,0
DA:632,0
DA:635,0
DA:636,0
DA:639,0
DA:641,0
DA:643,0
DA:647,0
DA:649,0
DA:651,0
DA:654,0
DA:655,0
DA:658,0
DA:660,0
DA:662,0
DA:666,0
DA:668,0
DA:670,0
DA:673,0
DA:674,0
DA:677,0
DA:679,0
DA:681,0
DA:685,0
DA:687,0
DA:689,0
DA:692,0
DA:693,0
DA:694,0
DA:696,0
DA:698,0
DA:700,0
DA:704,0
DA:706,0
DA:708,0
DA:710,0
DA:718,0
DA:721,0
DA:722,0
DA:723,0
DA:725,0
DA:727,0
DA:729,0
DA:733,0
DA:735,0
DA:737,0
DA:739,0
DA:743,0
DA:745,0
DA:746,0
DA:747,0
DA:748,0
DA:752,0
DA:753,0
DA:754,0
DA:755,0
DA:758,0
DA:759,0
DA:760,0
DA:761,0
DA:764,0
DA:765,0
DA:766,0
DA:767,0
DA:770,0
DA:771,0
DA:772,0
DA:773,0
DA:776,0
DA:777,0
DA:778,0
DA:779,0
DA:782,0
DA:783,0
DA:784,0
DA:785,0
DA:788,0
LF:286
LH:0
end_of_record
TN:
SF:/home/runner/work/ros2_uav_interfaces/ros2_uav_interfaces/build/ros2_uav_interfaces/rosidl_generator_py/ros2_uav_interfaces/_ros2_uav_interfaces_s.ep.rosidl_typesupport_fastrtps_c.c
FN:31,ros2_uav_interfaces__msg__coordinate__create_ros_message
FN:36,ros2_uav_interfaces__msg__coordinate__destroy_ros_message
FN:53,_register_msg_type__msg__coordinate
FN:170,ros2_uav_interfaces__msg__float_array__create_ros_message
FN:175,ros2_uav_interfaces__msg__float_array__destroy_ros_message
FN:192,_register_msg_type__msg__float_array
FN:309,ros2_uav_interfaces__msg__pose_heading__create_ros_message
FN:314,ros2_uav_interfaces__msg__pose_heading__destroy_ros_message
FN:331,_register_msg_type__msg__pose_heading
FN:448,ros2_uav_interfaces__srv__parameter_client_register__request__create_ros_message
FN:453,ros2_uav_interfaces__srv__parameter_client_register__request__destroy_ros_message
FN:470,_register_msg_type__srv__parameter_client_register__request
FN:590,ros2_uav_interfaces__srv__parameter_client_register__response__create_ros_message
FN:595,ros2_uav_interfaces__srv__parameter_client_register__response__destroy_ros_message
FN:612,_register_msg_type__srv__parameter_client_register__response
FN:718,_register_srv_type__srv__parameter_client_register
FN:743,PyInit_ros2_uav_interfaces_s__rosidl_typesupport_fastrtps_c
FNDA:0,ros2_uav_interfaces__msg__coordinate__create_ros_message
FNDA:0,ros2_uav_interfaces__msg__float_array__destroy_ros_message
FNDA:0,ros2_uav_interfaces__srv__parameter_client_register__response__create_ros_message
FNDA:0,_register_msg_type__srv__parameter_client_register__response
FNDA:0,ros2_uav_interfaces__srv__parameter_client_register__request__create_ros_message
FNDA:0,ros2_uav_interfaces__srv__parameter_client_register__request__destroy_ros_message
FNDA:0,_register_msg_type__msg__pose_heading
FNDA:0,_register_msg_type__msg__coordinate
FNDA:0,ros2_uav_interfaces__srv__parameter_client_register__response__destroy_ros_message
FNDA:0,ros2_uav_interfaces__msg__pose_heading__destroy_ros_message
FNDA:0,ros2_uav_interfaces__msg__coordinate__destroy_ros_message
FNDA:0,PyInit_ros2_uav_interfaces_s__rosidl_typesupport_fastrtps_c
FNDA:0,_register_srv_type__srv__parameter_client_register
FNDA:0,_register_msg_type__msg__float_array
FNDA:0,_register_msg_type__srv__parameter_client_register__request
FNDA:0,ros2_uav_interfaces__msg__float_array__create_ros_message
FNDA:0,ros2_uav_interfaces__msg__pose_heading__create_ros_message
FNF:17
FNH:0
DA:31,0
DA:33,0
DA:36,0
DA:38,0
DA:39,0
DA:40,0
DA:53,0
DA:57,0
DA:58,0
DA:61,0
DA:63,0
DA:65,0
DA:69,0
DA:71,0
DA:73,0
DA:76,0
DA:77,0
DA:80,0
DA:82,0
DA:84,0
DA:88,0
DA:90,0
DA:92,0
DA:95,0
DA:96,0
DA:99,0
DA:101,0
DA:103,0
DA:107,0
DA:109,0
DA:111,0
DA:114,0
DA:115,0
DA:118,0
DA:120,0
DA:122,0
DA:126,0
DA:128,0
DA:130,0
DA:133,0
DA:134,0
DA:135,0
DA:137,0
DA:139,0
DA:141,0
DA:145,0
DA:147,0
DA:149,0
DA:151,0
DA:170,0
DA:172,0
DA:175,0
DA:177,0
DA:178,0
DA:179,0
DA:192,0
DA:196,0
DA:197,0
DA:200,0
DA:202,0
DA:204,0
DA:208,0
DA:210,0
DA:212,0
DA:215,0
DA:216,0
DA:219,0
DA:221,0
DA:223,0
DA:227,0
DA:229,0
DA:231,0
DA:234,0
DA:235,0
DA:238,0
DA:240,0
DA:242,0
DA:246,0
DA:248,0
DA:250,0
DA:253,0
DA:254,0
DA:257,0
DA:259,0
DA:261,0
DA:265,0
DA:267,0
DA:269,0
DA:272,0
DA:273,0
DA:274,0
DA:276,0
DA:278,0
DA:280,0
DA:284,0
DA:286,0
DA:288,0
DA:290,0
DA:309,0
DA:311,0
DA:314,0
DA:316,0
DA:317,0
DA:318,0
DA:331,0
DA:335,0
DA:336,0
DA:339,0
DA:341,0
DA:343,0
DA:347,0
DA:349,0
DA:351,0
DA:354,0
DA:355,0
DA:358,0
DA:360,0
DA:362,0
DA:366,0
DA:368,0
DA:370,0
DA:373,0
DA:374,0
DA:377,0
DA:379,0
DA:381,0
DA:385,0
DA:387,0
DA:389,0
DA:392,0
DA:393,0
DA:396,0
DA:398,0
DA:400,0
DA:404,0
DA:406,0
DA:408,0
DA:411,0
DA:412,0
DA:413,0
DA:415,0
DA:417,0
DA:419,0
DA:423,0
DA:425,0
DA:427,0
DA:429,0
DA:448,0
DA:450,0
DA:453,0
DA:455,0
DA:456,0
DA:457,0
DA:470,0
DA:474,0
DA:475,0
DA:478,0
DA:480,0
DA:482,0
DA:486,0
DA:488,0
DA:490,0
DA:493,0
DA:494,0
DA:497,0
DA:499,0
DA:501,0
DA:505,0
DA:507,0
DA:509,0
DA:512,0
DA:513,0
DA:516,0
DA:518,0
DA:520,0
DA:524,0
DA:526,0
DA:528,0
DA:531,0
DA:532,0
DA:535,0
DA:537,0
DA:539,0
DA:543,0
DA:545,0
DA:547,0
DA:550,0
DA:551,0
DA:552,0
DA:554,0
DA:556,0
DA:558,0
DA:562,0
DA:564,0
DA:566,0
DA:568,0
DA:590,0
DA:592,0
DA:595,0
DA:597,0
DA:598,0
DA:599,0
DA:612,0
DA:616,0
DA:617,0
DA:620,0
DA:622,0
DA:624,0
DA:628,0
DA:630,0
DA:632,0
DA:635,0
DA:636,0
DA:639,0
DA:641,0
DA:643,0
DA:647,0
DA:649,0
DA:651,0
DA:654,0
DA:655,0
DA:658,0
DA:660,0
DA:662,0
DA:666,0
DA:668,0
DA:670,0
DA:673,0
DA:674,0
DA:677,0
DA:679,0
DA:681,0
DA:685,0
DA:687,0
DA:689,0
DA:692,0
DA:693,0
DA:694,0
DA:696,0
DA:698,0
DA:700,0
DA:704,0
DA:706,0
DA:708,0
DA:710,0
DA:718,0
DA:721,0
DA:722,0
DA:723,0
DA:725,0
DA:727,0
DA:729,0
DA:733,0
DA:735,0
DA:737,0
DA:739,0
DA:743,0
DA:745,0
DA:746,0
DA:747,0
DA:748,0
DA:752,0
DA:753,0
DA:754,0
DA:755,0
DA:758,0
DA:759,0
DA:760,0
DA:761,0
DA:764,0
DA:765,0
DA:766,0
DA:767,0
DA:770,0
DA:771,0
DA:772,0
DA:773,0
DA:776,0
DA:777,0
DA:778,0
DA:779,0
DA:782,0
DA:783,0
DA:784,0
DA:785,0
DA:788,0
LF:286
LH:0
end_of_record
TN:
SF:/home/runner/work/ros2_uav_interfaces/ros2_uav_interfaces/build/ros2_uav_interfaces/rosidl_generator_py/ros2_uav_interfaces/_ros2_uav_interfaces_s.ep.rosidl_typesupport_introspection_c.c
FN:31,ros2_uav_interfaces__msg__coordinate__create_ros_message
FN:36,ros2_uav_interfaces__msg__coordinate__destroy_ros_message
FN:53,_register_msg_type__msg__coordinate
FN:170,ros2_uav_interfaces__msg__float_array__create_ros_message
FN:175,ros2_uav_interfaces__msg__float_array__destroy_ros_message
FN:192,_register_msg_type__msg__float_array
FN:309,ros2_uav_interfaces__msg__pose_heading__create_ros_message
FN:314,ros2_uav_interfaces__msg__pose_heading__destroy_ros_message
FN:331,_register_msg_type__msg__pose_heading
FN:448,ros2_uav_interfaces__srv__parameter_client_register__request__create_ros_message
FN:453,ros2_uav_interfaces__srv__parameter_client_register__request__destroy_ros_message
FN:470,_register_msg_type__srv__parameter_client_register__request
FN:590,ros2_uav_interfaces__srv__parameter_client_register__response__create_ros_message
FN:595,ros2_uav_interfaces__srv__parameter_client_register__response__destroy_ros_message
FN:612,_register_msg_type__srv__parameter_client_register__response
FN:718,_register_srv_type__srv__parameter_client_register
FN:743,PyInit_ros2_uav_interfaces_s__rosidl_typesupport_introspection_c
FNDA:0,ros2_uav_interfaces__msg__float_array__destroy_ros_message
FNDA:0,ros2_uav_interfaces__srv__parameter_client_register__response__create_ros_message
FNDA:0,ros2_uav_interfaces__msg__coordinate__create_ros_message
FNDA:0,ros2_uav_interfaces__srv__parameter_client_register__request__create_ros_message
FNDA:0,_register_msg_type__srv__parameter_client_register__response
FNDA:0,ros2_uav_interfaces__srv__parameter_client_register__request__destroy_ros_message
FNDA:0,_register_msg_type__msg__pose_heading
FNDA:0,_register_msg_type__msg__coordinate
FNDA:0,ros2_uav_interfaces__msg__pose_heading__destroy_ros_message
FNDA:0,ros2_uav_interfaces__srv__parameter_client_register__response__destroy_ros_message
FNDA:0,PyInit_ros2_uav_interfaces_s__rosidl_typesupport_introspection_c
FNDA:0,ros2_uav_interfaces__msg__coordinate__destroy_ros_message
FNDA:0,_register_srv_type__srv__parameter_client_register
FNDA:0,_register_msg_type__msg__float_array
FNDA:0,_register_msg_type__srv__parameter_client_register__request
FNDA:0,ros2_uav_interfaces__msg__pose_heading__create_ros_message
FNDA:0,ros2_uav_interfaces__msg__float_array__create_ros_message
FNF:17
FNH:0
DA:31,0
DA:33,0
DA:36,0
DA:38,0
DA:39,0
DA:40,0
DA:53,0
DA:57,0
DA:58,0
DA:61,0
DA:63,0
DA:65,0
DA:69,0
DA:71,0
DA:73,0
DA:76,0
DA:77,0
DA:80,0
DA:82,0
DA:84,0
DA:88,0
DA:90,0
DA:92,0
DA:95,0
DA:96,0
DA:99,0
DA:101,0
DA:103,0
DA:107,0
DA:109,0
DA:111,0
DA:114,0
DA:115,0
DA:118,0
DA:120,0
DA:122,0
DA:126,0
DA:128,0
DA:130,0
DA:133,0
DA:134,0
DA:135,0
DA:137,0
DA:139,0
DA:141,0
DA:145,0
DA:147,0
DA:149,0
DA:151,0
DA:170,0
DA:172,0
DA:175,0
DA:177,0
DA:178,0
DA:179,0
DA:192,0
DA:196,0
DA:197,0
DA:200,0
DA:202,0
DA:204,0
DA:208,0
DA:210,0
DA:212,0
DA:215,0
DA:216,0
DA:219,0
DA:221,0
DA:223,0
DA:227,0
DA:229,0
DA:231,0
DA:234,0
DA:235,0
DA:238,0
DA:240,0
DA:242,0
DA:246,0
DA:248,0
DA:250,0
DA:253,0
DA:254,0
DA:257,0
DA:259,0
DA:261,0
DA:265,0
DA:267,0
DA:269,0
DA:272,0
DA:273,0
DA:274,0
DA:276,0
DA:278,0
DA:280,0
DA:284,0
DA:286,0
DA:288,0
DA:290,0
DA:309,0
DA:311,0
DA:314,0
DA:316,0
DA:317,0
DA:318,0
DA:331,0
DA:335,0
DA:336,0
DA:339,0
DA:341,0
DA:343,0
DA:347,0
DA:349,0
DA:351,0
DA:354,0
DA:355,0
DA:358,0
DA:360,0
DA:362,0
DA:366,0
DA:368,0
DA:370,0
DA:373,0
DA:374,0
DA:377,0
DA:379,0
DA:381,0
DA:385,0
DA:387,0
DA:389,0
DA:392,0
DA:393,0
DA:396,0
DA:398,0
DA:400,0
DA:404,0
DA:406,0
DA:408,0
DA:411,0
DA:412,0
DA:413,0
DA:415,0
DA:417,0
DA:419,0
DA:423,0
DA:425,0
DA:427,0
DA:429,0
DA:448,0
DA:450,0
DA:453,0
DA:455,0
DA:456,0
DA:457,0
DA:470,0
DA:474,0
DA:475,0
DA:478,0
DA:480,0
DA:482,0
DA:486,0
DA:488,0
DA:490,0
DA:493,0
DA:494,0
DA:497,0
DA:499,0
DA:501,0
DA:505,0
DA:507,0
DA:509,0
DA:512,0
DA:513,0
DA:516,0
DA:518,0
DA:520,0
DA:524,0
DA:526,0
DA:528,0
DA:531,0
DA:532,0
DA:535,0
DA:537,0
DA:539,0
DA:543,0
DA:545,0
DA:547,0
DA:550,0
DA:551,0
DA:552,0
DA:554,0
DA:556,0
DA:558,0
DA:562,0
DA:564,0
DA:566,0
DA:568,0
DA:590,0
DA:592,0
DA:595,0
DA:597,0
DA:598,0
DA:599,0
DA:612,0
DA:616,0
DA:617,0
DA:620,0
DA:622,0
DA:624,0
DA:628,0
DA:630,0
DA:632,0
DA:635,0
DA:636,0
DA:639,0
DA:641,0
DA:643,0
DA:647,0
DA:649,0
DA:651,0
DA:654,0
DA:655,0
DA:658,0
DA:660,0
DA:662,0
DA:666,0
DA:668,0
DA:670,0
DA:673,0
DA:674,0
DA:677,0
DA:679,0
DA:681,0
DA:685,0
DA:687,0
DA:689,0
DA:692,0
DA:693,0
DA:694,0
DA:696,0
DA:698,0
DA:700,0
DA:704,0
DA:706,0
DA:708,0
DA:710,0
DA:718,0
DA:721,0
DA:722,0
DA:723,0
DA:725,0
DA:727,0
DA:729,0
DA:733,0
DA:735,0
DA:737,0
DA:739,0
DA:743,0
DA:745,0
DA:746,0
DA:747,0
DA:748,0
DA:752,0
DA:753,0
DA:754,0
DA:755,0
DA:758,0
DA:759,0
DA:760,0
DA:761,0
DA:764,0
DA:765,0
DA:766,0
DA:767,0
DA:770,0
DA:771,0
DA:772,0
DA:773,0
DA:776,0
DA:777,0
DA:778,0
DA:779,0
DA:782,0
DA:783,0
DA:784,0
DA:785,0
DA:788,0
LF:286
LH:0
end_of_record
TN:
SF:/home/runner/work/ros2_uav_interfaces/ros2_uav_interfaces/build/ros2_uav_interfaces/rosidl_generator_py/ros2_uav_interfaces/msg/_coordinate_s.c
FN:32,ros2_uav_interfaces__msg__coordinate__convert_from_py
FN:194,ros2_uav_interfaces__msg__coordinate__convert_to_py
FNDA:0,ros2_uav_interfaces__msg__coordinate__convert_to_py
FNDA:0,ros2_uav_interfaces__msg__coordinate__convert_from_py
FNF:2
FNH:0
DA:32,0
DA:38,0
DA:39,0
DA:41,0
DA:42,0
DA:43,0
DA:44,0
DA:45,0
DA:46,0
DA:48,0
DA:49,0
DA:50,0
DA:51,0
DA:53,0
DA:56,0
DA:57,0
DA:59,0
DA:61,0
DA:63,0
DA:65,0
DA:66,0
DA:67,0
DA:69,0
DA:70,0
DA:71,0
DA:72,0
DA:73,0
DA:75,0
DA:76,0
DA:77,0
DA:80,0
DA:81,0
DA:82,0
DA:84,0
DA:85,0
DA:86,0
DA:87,0
DA:88,0
DA:90,0
DA:91,0
DA:92,0
DA:95,0
DA:96,0
DA:97,0
DA:99,0
DA:102,0
DA:103,0
DA:104,0
DA:105,0
DA:107,0
DA:108,0
DA:109,0
DA:110,0
DA:111,0
DA:112,0
DA:114,0
DA:115,0
DA:116,0
DA:117,0
DA:118,0
DA:119,0
DA:121,0
DA:123,0
DA:124,0
DA:125,0
DA:126,0
DA:128,0
DA:129,0
DA:130,0
DA:131,0
DA:132,0
DA:134,0
DA:135,0
DA:136,0
DA:137,0
DA:138,0
DA:140,0
DA:141,0
DA:142,0
DA:143,0
DA:144,0
DA:145,0
DA:146,0
DA:148,0
DA:149,0
DA:150,0
DA:152,0
DA:154,0
DA:157,0
DA:158,0
DA:159,0
DA:161,0
DA:162,0
DA:163,0
DA:164,0
DA:166,0
DA:167,0
DA:168,0
DA:169,0
DA:170,0
DA:172,0
DA:173,0
DA:174,0
DA:175,0
DA:176,0
DA:178,0
DA:179,0
DA:180,0
DA:181,0
DA:182,0
DA:183,0
DA:186,0
DA:187,0
DA:190,0
DA:194,0
DA:197,0
DA:199,0
DA:200,0
DA:201,0
DA:202,0
DA:203,0
DA:204,0
DA:205,0
DA:206,0
DA:207,0
DA:210,0
DA:212,0
DA:213,0
DA:214,0
DA:215,0
DA:217,0
DA:218,0
DA:221,0
DA:222,0
DA:223,0
DA:224,0
DA:229,0
DA:230,0
DA:231,0
DA:232,0
DA:234,0
DA:235,0
DA:238,0
DA:239,0
DA:240,0
DA:241,0
DA:246,0
DA:247,0
DA:248,0
DA:249,0
DA:251,0
DA:252,0
DA:253,0
DA:255,0
DA:256,0
DA:257,0
DA:258,0
DA:259,0
DA:260,0
DA:261,0
DA:262,0
DA:265,0
DA:266,0
DA:267,0
DA:268,0
DA:270,0
DA:271,0
DA:272,0
DA:273,0
DA:274,0
DA:275,0
DA:276,0
DA:277,0
DA:278,0
DA:280,0
DA:282,0
DA:284,0
DA:286,0
DA:287,0
DA:288,0
DA:289,0
DA:290,0
DA:291,0
DA:292,0
DA:293,0
DA:294,0
DA:295,0
DA:296,0
DA:298,0
DA:300,0
DA:303,0
DA:304,0
DA:305,0
DA:306,0
DA:307,0
DA:310,0
DA:311,0
DA:312,0
DA:313,0
DA:314,0
DA:315,0
DA:317,0
DA:319,0
DA:321,0
DA:323,0
DA:324,0
DA:325,0
DA:326,0
DA:332,0
LF:209
LH:0
end_of_record
TN:
SF:/home/runner/work/ros2_uav_interfaces/ros2_uav_interfaces/build/ros2_uav_interfaces/rosidl_generator_py/ros2_uav_interfaces/msg/_float_array_s.c
FN:24,ros2_uav_interfaces__msg__float_array__convert_from_py
FN:123,ros2_uav_interfaces__msg__float_array__convert_to_py
FNDA:0,ros2_uav_interfaces__msg__float_array__convert_to_py
FNDA:0,ros2_uav_interfaces__msg__float_array__convert_from_py
FNF:2
FNH:0
DA:24,0
DA:30,0
DA:31,0
DA:33,0
DA:34,0
DA:35,0
DA:36,0
DA:37,0
DA:38,0
DA:40,0
DA:41,0
DA:42,0
DA:43,0
DA:45,0
DA:48,0
DA:49,0
DA:51,0
DA:53,0
DA:55,0
DA:57,0
DA:58,0
DA:59,0
DA:61,0
DA:64,0
DA:65,0
DA:66,0
DA:67,0
DA:69,0
DA:70,0
DA:71,0
DA:72,0
DA:73,0
DA:74,0
DA:76,0
DA:77,0
DA:78,0
DA:79,0
DA:80,0
DA:81,0
DA:83,0
DA:85,0
DA:86,0
DA:87,0
DA:88,0
DA:90,0
DA:91,0
DA:92,0
DA:93,0
DA:94,0
DA:96,0
DA:97,0
DA:98,0
DA:99,0
DA:100,0
DA:102,0
DA:103,0
DA:104,0
DA:105,0
DA:106,0
DA:107,0
DA:108,0
DA:110,0
DA:111,0
DA:112,0
DA:114,0
DA:116,0
DA:119,0
DA:123,0
DA:126,0
DA:128,0
DA:129,0
DA:130,0
DA:131,0
DA:132,0
DA:133,0
DA:134,0
DA:135,0
DA:136,0
DA:139,0
DA:141,0
DA:142,0
DA:143,0
DA:144,0
DA:146,0
DA:147,0
DA:148,0
DA:150,0
DA:151,0
DA:152,0
DA:153,0
DA:154,0
DA:155,0
DA:156,0
DA:157,0
DA:160,0
DA:161,0
DA:162,0
DA:163,0
DA:165,0
DA:166,0
DA:167,0
DA:168,0
DA:169,0
DA:170,0
DA:171,0
DA:172,0
DA:173,0
DA:175,0
DA:177,0
DA:179,0
DA:181,0
DA:182,0
DA:183,0
DA:184,0
DA:185,0
DA:186,0
DA:187,0
DA:188,0
DA:189,0
DA:190,0
DA:191,0
DA:193,0
DA:195,0
DA:199,0
LF:124
LH:0
end_of_record
TN:
SF:/home/runner/work/ros2_uav_interfaces/ros2_uav_interfaces/build/ros2_uav_interfaces/rosidl_generator_py/ros2_uav_interfaces/msg/_pose_heading_s.c
FN:33,ros2_uav_interfaces__msg__pose_heading__convert_from_py
FN:112,ros2_uav_interfaces__msg__pose_heading__convert_to_py
FNDA:0,ros2_uav_interfaces__msg__pose_heading__convert_from_py
FNDA:0,ros2_uav_interfaces__msg__pose_heading__convert_to_py
FNF:2
FNH:0
DA:33,0
DA:39,0
DA:40,0
DA:42,0
DA:43,0
DA:44,0
DA:45,0
DA:46,0
DA:47,0
DA:49,0
DA:50,0
DA:51,0
DA:52,0
DA:54,0
DA:57,0
DA:58,0
DA:60,0
DA:62,0
DA:64,0
DA:66,0
DA:67,0
DA:68,0
DA:70,0
DA:71,0
DA:72,0
DA:74,0
DA:77,0
DA:78,0
DA:79,0
DA:81,0
DA:82,0
DA:83,0
DA:85,0
DA:88,0
DA:89,0
DA:90,0
DA:92,0
DA:93,0
DA:94,0
DA:96,0
DA:99,0
DA:100,0
DA:101,0
DA:103,0
DA:104,0
DA:105,0
DA:108,0
DA:112,0
DA:115,0
DA:117,0
DA:118,0
DA:119,0
DA:120,0
DA:121,0
DA:122,0
DA:123,0
DA:124,0
DA:125,0
DA:128,0
DA:130,0
DA:131,0
DA:132,0
DA:133,0
DA:136,0
DA:137,0
DA:138,0
DA:139,0
DA:144,0
DA:145,0
DA:146,0
DA:147,0
DA:150,0
DA:151,0
DA:152,0
DA:153,0
DA:158,0
DA:159,0
DA:160,0
DA:161,0
DA:164,0
DA:165,0
DA:166,0
DA:167,0
DA:172,0
DA:173,0
DA:175,0
DA:176,0
DA:177,0
DA:178,0
DA:184,0
LF:90
LH:0
end_of_record
TN:
SF:/home/runner/work/ros2_uav_interfaces/ros2_uav_interfaces/build/ros2_uav_interfaces/rosidl_generator_py/ros2_uav_interfaces/srv/_parameter_client_register_s.c
FN:24,ros2_uav_interfaces__srv__parameter_client_register__request__convert_from_py
FN:85,ros2_uav_interfaces__srv__parameter_client_register__request__convert_to_py
FN:156,ros2_uav_interfaces__srv__parameter_client_register__response__convert_from_py
FN:217,ros2_uav_interfaces__srv__parameter_client_register__response__convert_to_py
FNDA:0,ros2_uav_interfaces__srv__parameter_client_register__request__convert_from_py
FNDA:0,ros2_uav_interfaces__srv__parameter_client_register__response__convert_to_py
FNDA:0,ros2_uav_interfaces__srv__parameter_client_register__request__convert_to_py
FNDA:0,ros2_uav_interfaces__srv__parameter_client_register__response__convert_from_py
FNF:4
FNH:0
DA:24,0
DA:30,0
DA:31,0
DA:33,0
DA:34,0
DA:35,0
DA:36,0
DA:37,0
DA:38,0
DA:40,0
DA:41,0
DA:42,0
DA:43,0
DA:45,0
DA:48,0
DA:49,0
DA:51,0
DA:53,0
DA:55,0
DA:57,0
DA:58,0
DA:59,0
DA:61,0
DA:62,0
DA:63,0
DA:64,0
DA:65,0
DA:67,0
DA:68,0
DA:69,0
DA:72,0
DA:73,0
DA:74,0
DA:76,0
DA:77,0
DA:78,0
DA:81,0
DA:85,0
DA:88,0
DA:90,0
DA:91,0
DA:92,0
DA:93,0
DA:94,0
DA:95,0
DA:96,0
DA:97,0
DA:98,0
DA:101,0
DA:103,0
DA:104,0
DA:105,0
DA:106,0
DA:108,0
DA:109,0
DA:112,0
DA:113,0
DA:114,0
DA:115,0
DA:120,0
DA:121,0
DA:123,0
DA:124,0
DA:125,0
DA:126,0
DA:132,0
DA:156,0
DA:162,0
DA:163,0
DA:165,0
DA:166,0
DA:167,0
DA:168,0
DA:169,0
DA:170,0
DA:172,0
DA:173,0
DA:174,0
DA:175,0
DA:177,0
DA:180,0
DA:181,0
DA:183,0
DA:185,0
DA:187,0
DA:189,0
DA:190,0
DA:191,0
DA:193,0
DA:194,0
DA:195,0
DA:198,0
DA:199,0
DA:200,0
DA:202,0
DA:203,0
DA:204,0
DA:205,0
DA:206,0
DA:208,0
DA:209,0
DA:210,0
DA:213,0
DA:217,0
DA:220,0
DA:222,0
DA:223,0
DA:224,0
DA:225,0
DA:226,0
DA:227,0
DA:228,0
DA:229,0
DA:230,0
DA:233,0
DA:235,0
DA:236,0
DA:238,0
DA:239,0
DA:240,0
DA:241,0
DA:246,0
DA:247,0
DA:248,0
DA:249,0
DA:251,0
DA:252,0
DA:255,0
DA:256,0
DA:257,0
DA:258,0
DA:264,0
LF:132
LH:0
end_of_record
TN:
SF:/home/runner/work/ros2_uav_interfaces/ros2_uav_interfaces/build/ros2_uav_interfaces/rosidl_typesupport_c/ros2_uav_interfaces/msg/coordinate__type_support.cpp
FN:89,rosidl_typesupport_c__get_message_type_support_handle__ros2_uav_interfaces__msg__Coordinate
FNDA:0,rosidl_typesupport_c__get_message_type_support_handle__ros2_uav_interfaces__msg__Coordinate
FNF:1
FNH:0
DA:89,0
DA:90,0
LF:2
LH:0
end_of_record
TN:
SF:/home/runner/work/ros2_uav_interfaces/ros2_uav_interfaces/build/ros2_uav_interfaces/rosidl_typesupport_c/ros2_uav_interfaces/msg/float_array__type_support.cpp
FN:89,rosidl_typesupport_c__get_message_type_support_handle__ros2_uav_interfaces__msg__FloatArray
FNDA:0,rosidl_typesupport_c__get_message_type_support_handle__ros2_uav_interfaces__msg__FloatArray
FNF:1
FNH:0
DA:89,0
DA:90,0
LF:2
LH:0
end_of_record
TN:
SF:/home/runner/work/ros2_uav_interfaces/ros2_uav_interfaces/build/ros2_uav_interfaces/rosidl_typesupport_c/ros2_uav_interfaces/msg/pose_heading__type_support.cpp
FN:89,rosidl_typesupport_c__get_message_type_support_handle__ros2_uav_interfaces__msg__PoseHeading
FNDA:0,rosidl_typesupport_c__get_message_type_support_handle__ros2_uav_interfaces__msg__PoseHeading
FNF:1
FNH:0
DA:89,0
DA:90,0
LF:2
LH:0
end_of_record
TN:
SF:/home/runner/work/ros2_uav_interfaces/ros2_uav_interfaces/build/ros2_uav_interfaces/rosidl_typesupport_c/ros2_uav_interfaces/srv/parameter_client_register__type_support.cpp
FN:89,rosidl_typesupport_c__get_message_type_support_handle__ros2_uav_interfaces__srv__ParameterClientRegister_Request
FN:190,rosidl_typesupport_c__get_message_type_support_handle__ros2_uav_interfaces__srv__ParameterClientRegister_Response
FN:285,rosidl_typesupport_c__get_service_type_support_handle__ros2_uav_interfaces__srv__ParameterClientRegister
FNDA:0,rosidl_typesupport_c__get_message_type_support_handle__ros2_uav_interfaces__srv__ParameterClientRegister_Response
FNDA:0,rosidl_typesupport_c__get_service_type_support_handle__ros2_uav_interfaces__srv__ParameterClientRegister
FNDA:0,rosidl_typesupport_c__get_message_type_support_handle__ros2_uav_interfaces__srv__ParameterClientRegister_Request
FNF:3
FNH:0
DA:89,0
DA:90,0
DA:190,0
DA:191,0
DA:285,0
DA:286,0
LF:6
LH:0
end_of_record
TN:
SF:/home/runner/work/ros2_uav_interfaces/ros2_uav_interfaces/build/ros2_uav_interfaces/rosidl_typesupport_cpp/ros2_uav_interfaces/msg/coordinate__type_support.cpp
FN:89,_ZN22rosidl_typesupport_cpp31get_message_type_support_handleIN19ros2_uav_interfaces3msg11Coordinate_ISaIvEEEEEPK29rosidl_message_type_support_tv
FN:101,rosidl_typesupport_cpp__get_message_type_support_handle__ros2_uav_interfaces__msg__Coordinate
FNDA:0,rosidl_typesupport_cpp__get_message_type_support_handle__ros2_uav_interfaces__msg__Coordinate
FNDA:0,_ZN22rosidl_typesupport_cpp31get_message_type_support_handleIN19ros2_uav_interfaces3msg11Coordinate_ISaIvEEEEEPK29rosidl_message_type_support_tv
FNF:2
FNH:0
DA:89,0
DA:91,0
DA:101,0
DA:102,0
LF:4
LH:0
end_of_record
TN:
SF:/home/runner/work/ros2_uav_interfaces/ros2_uav_interfaces/build/ros2_uav_interfaces/rosidl_typesupport_cpp/ros2_uav_interfaces/msg/float_array__type_support.cpp
FN:89,_ZN22rosidl_typesupport_cpp31get_message_type_support_handleIN19ros2_uav_interfaces3msg11FloatArray_ISaIvEEEEEPK29rosidl_message_type_support_tv
FN:101,rosidl_typesupport_cpp__get_message_type_support_handle__ros2_uav_interfaces__msg__FloatArray
FNDA:0,_ZN22rosidl_typesupport_cpp31get_message_type_support_handleIN19ros2_uav_interfaces3msg11FloatArray_ISaIvEEEEEPK29rosidl_message_type_support_tv
FNDA:0,rosidl_typesupport_cpp__get_message_type_support_handle__ros2_uav_interfaces__msg__FloatArray
FNF:2
FNH:0
DA:89,0
DA:91,0
DA:101,0
DA:102,0
LF:4
LH:0
end_of_record
TN:
SF:/home/runner/work/ros2_uav_interfaces/ros2_uav_interfaces/build/ros2_uav_interfaces/rosidl_typesupport_cpp/ros2_uav_interfaces/msg/pose_heading__type_support.cpp
FN:89,_ZN22rosidl_typesupport_cpp31get_message_type_support_handleIN19ros2_uav_interfaces3msg12PoseHeading_ISaIvEEEEEPK29rosidl_message_type_support_tv
FN:101,rosidl_typesupport_cpp__get_message_type_support_handle__ros2_uav_interfaces__msg__PoseHeading
FNDA:0,rosidl_typesupport_cpp__get_message_type_support_handle__ros2_uav_interfaces__msg__PoseHeading
FNDA:0,_ZN22rosidl_typesupport_cpp31get_message_type_support_handleIN19ros2_uav_interfaces3msg12PoseHeading_ISaIvEEEEEPK29rosidl_message_type_support_tv
FNF:2
FNH:0
DA:89,0
DA:91,0
DA:101,0
DA:102,0
LF:4
LH:0
end_of_record
TN:
SF:/home/runner/work/ros2_uav_interfaces/ros2_uav_interfaces/build/ros2_uav_interfaces/rosidl_typesupport_cpp/ros2_uav_interfaces/srv/parameter_client_register__type_support.cpp
FN:89,_ZN22rosidl_typesupport_cpp31get_message_type_support_handleIN19ros2_uav_interfaces3srv32ParameterClientRegister_Request_ISaIvEEEEEPK29rosidl_message_type_support_tv
FN:101,rosidl_typesupport_cpp__get_message_type_support_handle__ros2_uav_interfaces__srv__ParameterClientRegister_Request
FN:203,_ZN22rosidl_typesupport_cpp31get_message_type_support_handleIN19ros2_uav_interfaces3srv33ParameterClientRegister_Response_ISaIvEEEEEPK29rosidl_message_type_support_tv
FN:215,rosidl_typesupport_cpp__get_message_type_support_handle__ros2_uav_interfaces__srv__ParameterClientRegister_Response
FN:314,_ZN22rosidl_typesupport_cpp31get_service_type_support_handleIN19ros2_uav_interfaces3srv23ParameterClientRegisterEEEPK29rosidl_service_type_support_tv
FNDA:0,_ZN22rosidl_typesupport_cpp31get_message_type_support_handleIN19ros2_uav_interfaces3srv33ParameterClientRegister_Response_ISaIvEEEEEPK29rosidl_message_type_support_tv
FNDA:0,_ZN22rosidl_typesupport_cpp31get_service_type_support_handleIN19ros2_uav_interfaces3srv23ParameterClientRegisterEEEPK29rosidl_service_type_support_tv
FNDA:0,_ZN22rosidl_typesupport_cpp31get_message_type_support_handleIN19ros2_uav_interfaces3srv32ParameterClientRegister_Request_ISaIvEEEEEPK29rosidl_message_type_support_tv
FNDA:0,rosidl_typesupport_cpp__get_message_type_support_handle__ros2_uav_interfaces__srv__ParameterClientRegister_Response
FNDA:0,rosidl_typesupport_cpp__get_message_type_support_handle__ros2_uav_interfaces__srv__ParameterClientRegister_Request
FNF:5
FNH:0
DA:89,0
DA:91,0
DA:101,0
DA:102,0
DA:203,0
DA:205,0
DA:215,0
DA:216,0
DA:314,0
DA:316,0
LF:10
LH:0
end_of_record
TN:
SF:/home/runner/work/ros2_uav_interfaces/ros2_uav_interfaces/build/ros2_uav_interfaces/rosidl_typesupport_fastrtps_c/ros2_uav_interfaces/msg/detail/coordinate__type_support_c.cpp
FN:59,_Coordinate__cdr_serialize
FN:126,_Coordinate__cdr_deserialize
FN:214,get_serialized_size_ros2_uav_interfaces__msg__Coordinate
FN:262,_Coordinate__get_serialized_size
FN:270,max_serialized_size_ros2_uav_interfaces__msg__Coordinate
FN:363,_Coordinate__max_serialized_size
FN:395,rosidl_typesupport_fastrtps_c__get_message_type_support_handle__ros2_uav_interfaces__msg__Coordinate
FNDA:0,max_serialized_size_ros2_uav_interfaces__msg__Coordinate
FNDA:0,_Coordinate__get_serialized_size
FNDA:0,_Coordinate__max_serialized_size
FNDA:0,rosidl_typesupport_fastrtps_c__get_message_type_support_handle__ros2_uav_interfaces__msg__Coordinate
FNDA:0,_Coordinate__cdr_deserialize
FNDA:0,get_serialized_size_ros2_uav_interfaces__msg__Coordinate
FNDA:0,_Coordinate__cdr_serialize
FNF:7
FNH:0
DA:59,0
DA:63,0
DA:64,0
DA:65,0
DA:67,0
DA:70,0
DA:71,0
DA:72,0
DA:73,0
DA:75,0
DA:76,0
DA:77,0
DA:79,0
DA:84,0
DA:85,0
DA:86,0
DA:87,0
DA:89,0
DA:90,0
DA:91,0
DA:93,0
DA:98,0
DA:99,0
DA:100,0
DA:101,0
DA:110,0
DA:111,0
DA:112,0
DA:113,0
DA:114,0
DA:115,0
DA:116,0
DA:118,0
DA:123,0
DA:126,0
DA:130,0
DA:131,0
DA:132,0
DA:134,0
DA:137,0
DA:138,0
DA:139,0
DA:140,0
DA:142,0
DA:145,0
DA:146,0
DA:147,0
DA:149,0
DA:153,0
DA:154,0
DA:155,0
DA:156,0
DA:158,0
DA:161,0
DA:162,0
DA:163,0
DA:165,0
DA:170,0
DA:171,0
DA:172,0
DA:173,0
DA:175,0
DA:176,0
DA:177,0
DA:179,0
DA:180,0
DA:189,0
DA:191,0
DA:192,0
DA:193,0
DA:194,0
DA:196,0
DA:197,0
DA:198,0
DA:200,0
DA:201,0
DA:202,0
DA:203,0
DA:205,0
DA:210,0
DA:214,0
DA:218,0
DA:220,0
DA:222,0
DA:223,0
DA:228,0
DA:229,0
DA:230,0
DA:232,0
DA:233,0
DA:234,0
DA:237,0
DA:238,0
DA:239,0
DA:240,0
DA:242,0
DA:243,0
DA:244,0
DA:248,0
DA:249,0
DA:250,0
DA:251,0
DA:253,0
DA:254,0
DA:255,0
DA:259,0
DA:262,0
DA:265,0
DA:266,0
DA:270,0
DA:275,0
DA:277,0
DA:278,0
DA:279,0
DA:284,0
DA:285,0
DA:289,0
DA:291,0
DA:292,0
DA:293,0
DA:294,0
DA:295,0
DA:301,0
DA:303,0
DA:304,0
DA:305,0
DA:306,0
DA:307,0
DA:313,0
DA:314,0
DA:315,0
DA:316,0
DA:317,0
DA:319,0
DA:320,0
DA:321,0
DA:325,0
DA:326,0
DA:327,0
DA:328,0
DA:329,0
DA:332,0
DA:333,0
DA:338,0
DA:340,0
DA:341,0
DA:342,0
DA:343,0
DA:347,0
DA:348,0
DA:353,0
DA:355,0
DA:357,0
DA:360,0
DA:363,0
DA:369,0
DA:372,0
DA:375,0
DA:395,0
DA:396,0
LF:160
LH:0
end_of_record
TN:
SF:/home/runner/work/ros2_uav_interfaces/ros2_uav_interfaces/build/ros2_uav_interfaces/rosidl_typesupport_fastrtps_c/ros2_uav_interfaces/msg/detail/float_array__type_support_c.cpp
FN:45,_FloatArray__cdr_serialize
FN:65,_FloatArray__cdr_deserialize
FN:94,get_serialized_size_ros2_uav_interfaces__msg__FloatArray
FN:122,_FloatArray__get_serialized_size
FN:130,max_serialized_size_ros2_uav_interfaces__msg__FloatArray
FN:176,_FloatArray__max_serialized_size
FN:208,rosidl_typesupport_fastrtps_c__get_message_type_support_handle__ros2_uav_interfaces__msg__FloatArray
FNDA:0,_FloatArray__cdr_serialize
FNDA:0,_FloatArray__max_serialized_size
FNDA:0,get_serialized_size_ros2_uav_interfaces__msg__FloatArray
FNDA:0,rosidl_typesupport_fastrtps_c__get_message_type_support_handle__ros2_uav_interfaces__msg__FloatArray
FNDA:0,max_serialized_size_ros2_uav_interfaces__msg__FloatArray
FNDA:0,_FloatArray__get_serialized_size
FNDA:0,_FloatArray__cdr_deserialize
FNF:7
FNH:0
DA:45,0
DA:49,0
DA:50,0
DA:51,0
DA:53,0
DA:56,0
DA:57,0
DA:58,0
DA:59,0
DA:62,0
DA:65,0
DA:69,0
DA:70,0
DA:71,0
DA:73,0
DA:77,0
DA:78,0
DA:79,0
DA:80,0
DA:82,0
DA:83,0
DA:84,0
DA:86,0
DA:87,0
DA:90,0
DA:94,0
DA:98,0
DA:100,0
DA:102,0
DA:103,0
DA:109,0
DA:110,0
DA:111,0
DA:112,0
DA:114,0
DA:115,0
DA:116,0
DA:119,0
DA:122,0
DA:125,0
DA:126,0
DA:130,0
DA:135,0
DA:137,0
DA:138,0
DA:139,0
DA:144,0
DA:145,0
DA:149,0
DA:150,0
DA:151,0
DA:152,0
DA:153,0
DA:155,0
DA:156,0
DA:157,0
DA:160,0
DA:161,0
DA:166,0
DA:170,0
DA:173,0
DA:176,0
DA:182,0
DA:185,0
DA:188,0
DA:208,0
DA:209,0
LF:67
LH:0
end_of_record
TN:
SF:/home/runner/work/ros2_uav_interfaces/ros2_uav_interfaces/build/ros2_uav_interfaces/rosidl_typesupport_fastrtps_c/ros2_uav_interfaces/msg/detail/pose_heading__type_support_c.cpp
FN:88,_PoseHeading__cdr_serialize
FN:147,_PoseHeading__cdr_deserialize
FN:207,get_serialized_size_ros2_uav_interfaces__msg__PoseHeading
FN:242,_PoseHeading__get_serialized_size
FN:250,max_serialized_size_ros2_uav_interfaces__msg__PoseHeading
FN:349,_PoseHeading__max_serialized_size
FN:381,rosidl_typesupport_fastrtps_c__get_message_type_support_handle__ros2_uav_interfaces__msg__PoseHeading
FNDA:0,rosidl_typesupport_fastrtps_c__get_message_type_support_handle__ros2_uav_interfaces__msg__PoseHeading
FNDA:0,_PoseHeading__max_serialized_size
FNDA:0,get_serialized_size_ros2_uav_interfaces__msg__PoseHeading
FNDA:0,_PoseHeading__get_serialized_size
FNDA:0,_PoseHeading__cdr_deserialize
FNDA:0,_PoseHeading__cdr_serialize
FNDA:0,max_serialized_size_ros2_uav_interfaces__msg__PoseHeading
FNF:7
FNH:0
DA:88,0
DA:92,0
DA:93,0
DA:94,0
DA:96,0
DA:103,0
DA:104,0
DA:105,0
DA:107,0
DA:117,0
DA:118,0
DA:119,0
DA:121,0
DA:131,0
DA:132,0
DA:133,0
DA:135,0
DA:141,0
DA:144,0
DA:147,0
DA:151,0
DA:152,0
DA:153,0
DA:155,0
DA:162,0
DA:163,0
DA:164,0
DA:166,0
DA:176,0
DA:177,0
DA:178,0
DA:180,0
DA:190,0
DA:191,0
DA:192,0
DA:194,0
DA:200,0
DA:203,0
DA:207,0
DA:211,0
DA:213,0
DA:215,0
DA:216,0
DA:222,0
DA:223,0
DA:226,0
DA:227,0
DA:230,0
DA:231,0
DA:234,0
DA:235,0
DA:236,0
DA:239,0
DA:242,0
DA:245,0
DA:246,0
DA:250,0
DA:255,0
DA:257,0
DA:258,0
DA:259,0
DA:264,0
DA:265,0
DA:269,0
DA:272,0
DA:273,0
DA:278,0
DA:280,0
DA:281,0
DA:282,0
DA:283,0
DA:288,0
DA:291,0
DA:292,0
DA:297,0
DA:299,0
DA:300,0
DA:301,0
DA:302,0
DA:307,0
DA:310,0
DA:311,0
DA:316,0
DA:318,0
DA:319,0
DA:320,0
DA:321,0
DA:326,0
DA:328,0
DA:329,0
DA:330,0
DA:333,0
DA:334,0
DA:339,0
DA:341,0
DA:343,0
DA:346,0
DA:349,0
DA:355,0
DA:358,0
DA:361,0
DA:381,0
DA:382,0
LF:103
LH:0
end_of_record
TN:
SF:/home/runner/work/ros2_uav_interfaces/ros2_uav_interfaces/build/ros2_uav_interfaces/rosidl_typesupport_fastrtps_c/ros2_uav_interfaces/srv/detail/parameter_client_register__type_support_c.cpp
FN:45,_ParameterClientRegister_Request__cdr_serialize
FN:76,_ParameterClientRegister_Request__cdr_deserialize
FN:112,get_serialized_size_ros2_uav_interfaces__srv__ParameterClientRegister_Request
FN:139,_ParameterClientRegister_Request__get_serialized_size
FN:147,max_serialized_size_ros2_uav_interfaces__srv__ParameterClientRegister_Request
FN:200,_ParameterClientRegister_Request__max_serialized_size
FN:232,rosidl_typesupport_fastrtps_c__get_message_type_support_handle__ros2_uav_interfaces__srv__ParameterClientRegister_Request
FN:290,_ParameterClientRegister_Response__cdr_serialize
FN:321,_ParameterClientRegister_Response__cdr_deserialize
FN:357,get_serialized_size_ros2_uav_interfaces__srv__ParameterClientRegister_Response
FN:384,_ParameterClientRegister_Response__get_serialized_size
FN:392,max_serialized_size_ros2_uav_interfaces__srv__ParameterClientRegister_Response
FN:445,_ParameterClientRegister_Response__max_serialized_size
FN:477,rosidl_typesupport_fastrtps_c__get_message_type_support_handle__ros2_uav_interfaces__srv__ParameterClientRegister_Response
FN:512,rosidl_typesupport_fastrtps_c__get_service_type_support_handle__ros2_uav_interfaces__srv__ParameterClientRegister
FNDA:0,get_serialized_size_ros2_uav_interfaces__srv__ParameterClientRegister_Request
FNDA:0,_ParameterClientRegister_Response__max_serialized_size
FNDA:0,rosidl_typesupport_fastrtps_c__get_service_type_support_handle__ros2_uav_interfaces__srv__ParameterClientRegister
FNDA:0,_ParameterClientRegister_Request__cdr_deserialize
FNDA:0,_ParameterClientRegister_Request__get_serialized_size
FNDA:0,max_serialized_size_ros2_uav_interfaces__srv__ParameterClientRegister_Request
FNDA:0,max_serialized_size_ros2_uav_interfaces__srv__ParameterClientRegister_Response
FNDA:0,_ParameterClientRegister_Response__cdr_serialize
FNDA:0,rosidl_typesupport_fastrtps_c__get_message_type_support_handle__ros2_uav_interfaces__srv__ParameterClientRegister_Request
FNDA:0,_ParameterClientRegister_Response__get_serialized_size
FNDA:0,rosidl_typesupport_fastrtps_c__get_message_type_support_handle__ros2_uav_interfaces__srv__ParameterClientRegister_Response
FNDA:0,_ParameterClientRegister_Request__max_serialized_size
FNDA:0,get_serialized_size_ros2_uav_interfaces__srv__ParameterClientRegister_Response
FNDA:0,_ParameterClientRegister_Request__cdr_serialize
FNDA:0,_ParameterClientRegister_Response__cdr_deserialize
FNF:15
FNH:0
DA:45,0
DA:49,0
DA:50,0
DA:51,0
DA:53,0
DA:56,0
DA:57,0
DA:58,0
DA:59,0
DA:61,0
DA:62,0
DA:63,0
DA:65,0
DA:70,0
DA:73,0
DA:76,0
DA:80,0
DA:81,0
DA:82,0
DA:84,0
DA:87,0
DA:88,0
DA:89,0
DA:90,0
DA:92,0
DA:95,0
DA:96,0
DA:97,0
DA:99,0
DA:104,0
DA:105,0
DA:108,0
DA:112,0
DA:116,0
DA:118,0
DA:120,0
DA:121,0
DA:126,0
DA:127,0
DA:128,0
DA:131,0
DA:132,0
DA:133,0
DA:136,0
DA:139,0
DA:142,0
DA:143,0
DA:147,0
DA:152,0
DA:154,0
DA:155,0
DA:156,0
DA:161,0
DA:162,0
DA:166,0
DA:168,0
DA:169,0
DA:170,0
DA:171,0
DA:172,0
DA:178,0
DA:180,0
DA:181,0
DA:184,0
DA:185,0
DA:190,0
DA:192,0
DA:194,0
DA:197,0
DA:200,0
DA:206,0
DA:209,0
DA:212,0
DA:232,0
DA:233,0
DA:290,0
DA:294,0
DA:295,0
DA:296,0
DA:298,0
DA:301,0
DA:306,0
DA:307,0
DA:308,0
DA:309,0
DA:311,0
DA:312,0
DA:313,0
DA:315,0
DA:318,0
DA:321,0
DA:325,0
DA:326,0
DA:327,0
DA:329,0
DA:333,0
DA:334,0
DA:339,0
DA:340,0
DA:341,0
DA:342,0
DA:344,0
DA:347,0
DA:348,0
DA:349,0
DA:351,0
DA:353,0
DA:357,0
DA:361,0
DA:363,0
DA:365,0
DA:366,0
DA:372,0
DA:373,0
DA:374,0
DA:377,0
DA:378,0
DA:379,0
DA:381,0
DA:384,0
DA:387,0
DA:388,0
DA:392,0
DA:397,0
DA:399,0
DA:400,0
DA:401,0
DA:406,0
DA:407,0
DA:411,0
DA:413,0
DA:414,0
DA:418,0
DA:420,0
DA:421,0
DA:422,0
DA:423,0
DA:424,0
DA:429,0
DA:430,0
DA:435,0
DA:437,0
DA:439,0
DA:442,0
DA:445,0
DA:451,0
DA:454,0
DA:457,0
DA:477,0
DA:478,0
DA:512,0
DA:513,0
LF:152
LH:0
end_of_record
TN:
SF:/home/runner/work/ros2_uav_interfaces/ros2_uav_interfaces/build/ros2_uav_interfaces/rosidl_typesupport_fastrtps_cpp/ros2_uav_interfaces/msg/detail/dds_fastrtps/coordinate__type_support.cpp
FN:55,_ZN19ros2_uav_interfaces3msg24typesupport_fastrtps_cpp13cdr_serializeERKNS0_11Coordinate_ISaIvEEERN8eprosima7fastcdr3CdrE
FN:82,_ZN19ros2_uav_interfaces3msg24typesupport_fastrtps_cpp15cdr_deserializeERN8eprosima7fastcdr3CdrERNS0_11Coordinate_ISaIvEEE
FN:114,_ZN19ros2_uav_interfaces3msg24typesupport_fastrtps_cpp19get_serialized_sizeERKNS0_11Coordinate_ISaIvEEEm
FN:162,_ZN19ros2_uav_interfaces3msg24typesupport_fastrtps_cpp30max_serialized_size_CoordinateERbS2_m
FN:258,_ZN19ros2_uav_interfaces3msg24typesupport_fastrtps_cppL26_Coordinate__cdr_serializeEPKvRN8eprosima7fastcdr3CdrE
FN:268,_ZN19ros2_uav_interfaces3msg24typesupport_fastrtps_cppL28_Coordinate__cdr_deserializeERN8eprosima7fastcdr3CdrEPv
FN:278,_ZN19ros2_uav_interfaces3msg24typesupport_fastrtps_cppL32_Coordinate__get_serialized_sizeEPKv
FN:287,_ZN19ros2_uav_interfaces3msg24typesupport_fastrtps_cppL32_Coordinate__max_serialized_sizeERc
FN:328,_ZN31rosidl_typesupport_fastrtps_cpp31get_message_type_support_handleIN19ros2_uav_interfaces3msg11Coordinate_ISaIvEEEEEPK29rosidl_message_type_support_tv
FN:341,rosidl_typesupport_fastrtps_cpp__get_message_type_support_handle__ros2_uav_interfaces__msg__Coordinate
FNDA:0,_ZN19ros2_uav_interfaces3msg24typesupport_fastrtps_cppL28_Coordinate__cdr_deserializeERN8eprosima7fastcdr3CdrEPv
FNDA:0,_ZN31rosidl_typesupport_fastrtps_cpp31get_message_type_support_handleIN19ros2_uav_interfaces3msg11Coordinate_ISaIvEEEEEPK29rosidl_message_type_support_tv
FNDA:0,_ZN19ros2_uav_interfaces3msg24typesupport_fastrtps_cppL32_Coordinate__get_serialized_sizeEPKv
FNDA:0,_ZN19ros2_uav_interfaces3msg24typesupport_fastrtps_cppL26_Coordinate__cdr_serializeEPKvRN8eprosima7fastcdr3CdrE
FNDA:0,_ZN19ros2_uav_interfaces3msg24typesupport_fastrtps_cppL32_Coordinate__max_serialized_sizeERc
FNDA:0,_ZN19ros2_uav_interfaces3msg24typesupport_fastrtps_cpp19get_serialized_sizeERKNS0_11Coordinate_ISaIvEEEm
FNDA:0,rosidl_typesupport_fastrtps_cpp__get_message_type_support_handle__ros2_uav_interfaces__msg__Coordinate
FNDA:0,_ZN19ros2_uav_interfaces3msg24typesupport_fastrtps_cpp15cdr_deserializeERN8eprosima7fastcdr3CdrERNS0_11Coordinate_ISaIvEEE
FNDA:0,_ZN19ros2_uav_interfaces3msg24typesupport_fastrtps_cpp30max_serialized_size_CoordinateERbS2_m
FNDA:0,_ZN19ros2_uav_interfaces3msg24typesupport_fastrtps_cpp13cdr_serializeERKNS0_11Coordinate_ISaIvEEERN8eprosima7fastcdr3CdrE
FNF:10
FNH:0
DA:55,0
DA:60,0
DA:62,0
DA:65,0
DA:69,0
DA:70,0
DA:71,0
DA:72,0
DA:73,0
DA:77,0
DA:82,0
DA:87,0
DA:90,0
DA:94,0
DA:100,0
DA:101,0
DA:102,0
DA:103,0
DA:104,0
DA:105,0
DA:109,0
DA:114,0
DA:118,0
DA:120,0
DA:121,0
DA:126,0
DA:127,0
DA:128,0
DA:130,0
DA:131,0
DA:132,0
DA:135,0
DA:137,0
DA:138,0
DA:139,0
DA:140,0
DA:141,0
DA:145,0
DA:147,0
DA:148,0
DA:150,0
DA:151,0
DA:152,0
DA:153,0
DA:157,0
DA:162,0
DA:167,0
DA:169,0
DA:170,0
DA:171,0
DA:176,0
DA:177,0
DA:182,0
DA:184,0
DA:185,0
DA:186,0
DA:187,0
DA:188,0
DA:195,0
DA:197,0
DA:198,0
DA:199,0
DA:200,0
DA:201,0
DA:208,0
DA:209,0
DA:210,0
DA:211,0
DA:212,0
DA:214,0
DA:215,0
DA:216,0
DA:221,0
DA:222,0
DA:223,0
DA:224,0
DA:225,0
DA:228,0
DA:229,0
DA:233,0
DA:235,0
DA:236,0
DA:237,0
DA:238,0
DA:242,0
DA:243,0
DA:248,0
DA:250,0
DA:252,0
DA:255,0
DA:258,0
DA:262,0
DA:265,0
DA:268,0
DA:272,0
DA:275,0
DA:278,0
DA:281,0
DA:284,0
DA:287,0
DA:293,0
DA:295,0
DA:298,0
DA:328,0
DA:330,0
DA:341,0
DA:342,0
LF:107
LH:0
end_of_record
TN:
SF:/home/runner/work/ros2_uav_interfaces/ros2_uav_interfaces/build/ros2_uav_interfaces/rosidl_typesupport_fastrtps_cpp/ros2_uav_interfaces/msg/detail/dds_fastrtps/float_array__type_support.cpp
FN:31,_ZN19ros2_uav_interfaces3msg24typesupport_fastrtps_cpp13cdr_serializeERKNS0_11FloatArray_ISaIvEEERN8eprosima7fastcdr3CdrE
FN:44,_ZN19ros2_uav_interfaces3msg24typesupport_fastrtps_cpp15cdr_deserializeERN8eprosima7fastcdr3CdrERNS0_11FloatArray_ISaIvEEE
FN:58,_ZN19ros2_uav_interfaces3msg24typesupport_fastrtps_cpp19get_serialized_sizeERKNS0_11FloatArray_ISaIvEEEm
FN:85,_ZN19ros2_uav_interfaces3msg24typesupport_fastrtps_cpp30max_serialized_size_FloatArrayERbS2_m
FN:132,_ZN19ros2_uav_interfaces3msg24typesupport_fastrtps_cppL26_FloatArray__cdr_serializeEPKvRN8eprosima7fastcdr3CdrE
FN:142,_ZN19ros2_uav_interfaces3msg24typesupport_fastrtps_cppL28_FloatArray__cdr_deserializeERN8eprosima7fastcdr3CdrEPv
FN:152,_ZN19ros2_uav_interfaces3msg24typesupport_fastrtps_cppL32_FloatArray__get_serialized_sizeEPKv
FN:161,_ZN19ros2_uav_interfaces3msg24typesupport_fastrtps_cppL32_FloatArray__max_serialized_sizeERc
FN:202,_ZN31rosidl_typesupport_fastrtps_cpp31get_message_type_support_handleIN19ros2_uav_interfaces3msg11FloatArray_ISaIvEEEEEPK29rosidl_message_type_support_tv
FN:215,rosidl_typesupport_fastrtps_cpp__get_message_type_support_handle__ros2_uav_interfaces__msg__FloatArray
FNDA:0,_ZN31rosidl_typesupport_fastrtps_cpp31get_message_type_support_handleIN19ros2_uav_interfaces3msg11FloatArray_ISaIvEEEEEPK29rosidl_message_type_support_tv
FNDA:0,_ZN19ros2_uav_interfaces3msg24typesupport_fastrtps_cppL26_FloatArray__cdr_serializeEPKvRN8eprosima7fastcdr3CdrE
FNDA:0,_ZN19ros2_uav_interfaces3msg24typesupport_fastrtps_cpp30max_serialized_size_FloatArrayERbS2_m
FNDA:0,_ZN19ros2_uav_interfaces3msg24typesupport_fastrtps_cppL32_FloatArray__max_serialized_sizeERc
FNDA:0,_ZN19ros2_uav_interfaces3msg24typesupport_fastrtps_cpp15cdr_deserializeERN8eprosima7fastcdr3CdrERNS0_11FloatArray_ISaIvEEE
FNDA:0,rosidl_typesupport_fastrtps_cpp__get_message_type_support_handle__ros2_uav_interfaces__msg__FloatArray
FNDA:0,_ZN19ros2_uav_interfaces3msg24typesupport_fastrtps_cppL28_FloatArray__cdr_deserializeERN8eprosima7fastcdr3CdrEPv
FNDA:0,_ZN19ros2_uav_interfaces3msg24typesupport_fastrtps_cppL32_FloatArray__get_serialized_sizeEPKv
FNDA:0,_ZN19ros2_uav_interfaces3msg24typesupport_fastrtps_cpp19get_serialized_sizeERKNS0_11FloatArray_ISaIvEEEm
FNDA:0,_ZN19ros2_uav_interfaces3msg24typesupport_fastrtps_cpp13cdr_serializeERKNS0_11FloatArray_ISaIvEEERN8eprosima7fastcdr3CdrE
FNF:10
FNH:0
DA:31,0
DA:37,0
DA:39,0
DA:44,0
DA:50,0
DA:53,0
DA:58,0
DA:62,0
DA:64,0
DA:65,0
DA:71,0
DA:73,0
DA:74,0
DA:75,0
DA:76,0
DA:77,0
DA:80,0
DA:85,0
DA:90,0
DA:92,0
DA:93,0
DA:94,0
DA:99,0
DA:100,0
DA:105,0
DA:106,0
DA:107,0
DA:108,0
DA:109,0
DA:111,0
DA:112,0
DA:113,0
DA:116,0
DA:117,0
DA:122,0
DA:126,0
DA:129,0
DA:132,0
DA:136,0
DA:139,0
DA:142,0
DA:146,0
DA:149,0
DA:152,0
DA:155,0
DA:158,0
DA:161,0
DA:167,0
DA:169,0
DA:172,0
DA:202,0
DA:204,0
DA:215,0
DA:216,0
LF:54
LH:0
end_of_record
TN:
SF:/home/runner/work/ros2_uav_interfaces/ros2_uav_interfaces/build/ros2_uav_interfaces/rosidl_typesupport_fastrtps_cpp/ros2_uav_interfaces/msg/detail/dds_fastrtps/pose_heading__type_support.cpp
FN:103,_ZN19ros2_uav_interfaces3msg24typesupport_fastrtps_cpp13cdr_serializeERKNS0_12PoseHeading_ISaIvEEERN8eprosima7fastcdr3CdrE
FN:126,_ZN19ros2_uav_interfaces3msg24typesupport_fastrtps_cpp15cdr_deserializeERN8eprosima7fastcdr3CdrERNS0_12PoseHeading_ISaIvEEE
FN:150,_ZN19ros2_uav_interfaces3msg24typesupport_fastrtps_cpp19get_serialized_sizeERKNS0_12PoseHeading_ISaIvEEEm
FN:188,_ZN19ros2_uav_interfaces3msg24typesupport_fastrtps_cpp31max_serialized_size_PoseHeadingERbS2_m
FN:288,_ZN19ros2_uav_interfaces3msg24typesupport_fastrtps_cppL27_PoseHeading__cdr_serializeEPKvRN8eprosima7fastcdr3CdrE
FN:298,_ZN19ros2_uav_interfaces3msg24typesupport_fastrtps_cppL29_PoseHeading__cdr_deserializeERN8eprosima7fastcdr3CdrEPv
FN:308,_ZN19ros2_uav_interfaces3msg24typesupport_fastrtps_cppL33_PoseHeading__get_serialized_sizeEPKv
FN:317,_ZN19ros2_uav_interfaces3msg24typesupport_fastrtps_cppL33_PoseHeading__max_serialized_sizeERc
FN:358,_ZN31rosidl_typesupport_fastrtps_cpp31get_message_type_support_handleIN19ros2_uav_interfaces3msg12PoseHeading_ISaIvEEEEEPK29rosidl_message_type_support_tv
FN:371,rosidl_typesupport_fastrtps_cpp__get_message_type_support_handle__ros2_uav_interfaces__msg__PoseHeading
FNDA:0,_ZN19ros2_uav_interfaces3msg24typesupport_fastrtps_cpp31max_serialized_size_PoseHeadingERbS2_m
FNDA:0,_ZN19ros2_uav_interfaces3msg24typesupport_fastrtps_cppL27_PoseHeading__cdr_serializeEPKvRN8eprosima7fastcdr3CdrE
FNDA:0,_ZN31rosidl_typesupport_fastrtps_cpp31get_message_type_support_handleIN19ros2_uav_interfaces3msg12PoseHeading_ISaIvEEEEEPK29rosidl_message_type_support_tv
FNDA:0,_ZN19ros2_uav_interfaces3msg24typesupport_fastrtps_cpp19get_serialized_sizeERKNS0_12PoseHeading_ISaIvEEEm
FNDA:0,_ZN19ros2_uav_interfaces3msg24typesupport_fastrtps_cppL33_PoseHeading__max_serialized_sizeERc
FNDA:0,_ZN19ros2_uav_interfaces3msg24typesupport_fastrtps_cppL33_PoseHeading__get_serialized_sizeEPKv
FNDA:0,rosidl_typesupport_fastrtps_cpp__get_message_type_support_handle__ros2_uav_interfaces__msg__PoseHeading
FNDA:0,_ZN19ros2_uav_interfaces3msg24typesupport_fastrtps_cppL29_PoseHeading__cdr_deserializeERN8eprosima7fastcdr3CdrEPv
FNDA:0,_ZN19ros2_uav_interfaces3msg24typesupport_fastrtps_cpp15cdr_deserializeERN8eprosima7fastcdr3CdrERNS0_12PoseHeading_ISaIvEEE
FNDA:0,_ZN19ros2_uav_interfaces3msg24typesupport_fastrtps_cpp13cdr_serializeERKNS0_12PoseHeading_ISaIvEEERN8eprosima7fastcdr3CdrE
FNF:10
FNH:0
DA:103,0
DA:108,0
DA:109,0
DA:112,0
DA:113,0
DA:116,0
DA:117,0
DA:120,0
DA:121,0
DA:126,0
DA:131,0
DA:132,0
DA:135,0
DA:136,0
DA:139,0
DA:140,0
DA:143,0
DA:145,0
DA:150,0
DA:154,0
DA:156,0
DA:157,0
DA:163,0
DA:164,0
DA:165,0
DA:168,0
DA:169,0
DA:170,0
DA:173,0
DA:174,0
DA:175,0
DA:178,0
DA:179,0
DA:180,0
DA:183,0
DA:188,0
DA:193,0
DA:195,0
DA:196,0
DA:197,0
DA:202,0
DA:203,0
DA:208,0
DA:211,0
DA:212,0
DA:216,0
DA:218,0
DA:219,0
DA:220,0
DA:221,0
DA:227,0
DA:230,0
DA:231,0
DA:235,0
DA:237,0
DA:238,0
DA:239,0
DA:240,0
DA:246,0
DA:249,0
DA:250,0
DA:254,0
DA:256,0
DA:257,0
DA:258,0
DA:259,0
DA:265,0
DA:267,0
DA:268,0
DA:269,0
DA:272,0
DA:273,0
DA:278,0
DA:280,0
DA:282,0
DA:285,0
DA:288,0
DA:292,0
DA:295,0
DA:298,0
DA:302,0
DA:305,0
DA:308,0
DA:311,0
DA:314,0
DA:317,0
DA:323,0
DA:325,0
DA:328,0
DA:358,0
DA:360,0
DA:371,0
DA:372,0
LF:93
LH:0
end_of_record
TN:
SF:/home/runner/work/ros2_uav_interfaces/ros2_uav_interfaces/build/ros2_uav_interfaces/rosidl_typesupport_fastrtps_cpp/ros2_uav_interfaces/srv/detail/dds_fastrtps/parameter_client_register__type_support.cpp
FN:31,_ZN19ros2_uav_interfaces3srv24typesupport_fastrtps_cpp13cdr_serializeERKNS0_32ParameterClientRegister_Request_ISaIvEEERN8eprosima7fastcdr3CdrE
FN:44,_ZN19ros2_uav_interfaces3srv24typesupport_fastrtps_cpp15cdr_deserializeERN8eprosima7fastcdr3CdrERNS0_32ParameterClientRegister_Request_ISaIvEEE
FN:63,_ZN19ros2_uav_interfaces3srv24typesupport_fastrtps_cpp19get_serialized_sizeERKNS0_32ParameterClientRegister_Request_ISaIvEEEm
FN:90,_ZN19ros2_uav_interfaces3srv24typesupport_fastrtps_cpp51max_serialized_size_ParameterClientRegister_RequestERbS2_m
FN:145,_ZN19ros2_uav_interfaces3srv24typesupport_fastrtps_cppL47_ParameterClientRegister_Request__cdr_serializeEPKvRN8eprosima7fastcdr3CdrE
FN:155,_ZN19ros2_uav_interfaces3srv24typesupport_fastrtps_cppL49_ParameterClientRegister_Request__cdr_deserializeERN8eprosima7fastcdr3CdrEPv
FN:165,_ZN19ros2_uav_interfaces3srv24typesupport_fastrtps_cppL53_ParameterClientRegister_Request__get_serialized_sizeEPKv
FN:174,_ZN19ros2_uav_interfaces3srv24typesupport_fastrtps_cppL53_ParameterClientRegister_Request__max_serialized_sizeERc
FN:215,_ZN31rosidl_typesupport_fastrtps_cpp31get_message_type_support_handleIN19ros2_uav_interfaces3srv32ParameterClientRegister_Request_ISaIvEEEEEPK29rosidl_message_type_support_tv
FN:228,rosidl_typesupport_fastrtps_cpp__get_message_type_support_handle__ros2_uav_interfaces__srv__ParameterClientRegister_Request
FN:269,_ZN19ros2_uav_interfaces3srv24typesupport_fastrtps_cpp13cdr_serializeERKNS0_33ParameterClientRegister_Response_ISaIvEEERN8eprosima7fastcdr3CdrE
FN:282,_ZN19ros2_uav_interfaces3srv24typesupport_fastrtps_cpp15cdr_deserializeERN8eprosima7fastcdr3CdrERNS0_33ParameterClientRegister_Response_ISaIvEEE
FN:301,_ZN19ros2_uav_interfaces3srv24typesupport_fastrtps_cpp19get_serialized_sizeERKNS0_33ParameterClientRegister_Response_ISaIvEEEm
FN:328,_ZN19ros2_uav_interfaces3srv24typesupport_fastrtps_cpp52max_serialized_size_ParameterClientRegister_ResponseERbS2_m
FN:383,_ZN19ros2_uav_interfaces3srv24typesupport_fastrtps_cppL48_ParameterClientRegister_Response__cdr_serializeEPKvRN8eprosima7fastcdr3CdrE
FN:393,_ZN19ros2_uav_interfaces3srv24typesupport_fastrtps_cppL50_ParameterClientRegister_Response__cdr_deserializeERN8eprosima7fastcdr3CdrEPv
FN:403,_ZN19ros2_uav_interfaces3srv24typesupport_fastrtps_cppL54_ParameterClientRegister_Response__get_serialized_sizeEPKv
FN:412,_ZN19ros2_uav_interfaces3srv24typesupport_fastrtps_cppL54_ParameterClientRegister_Response__max_serialized_sizeERc
FN:453,_ZN31rosidl_typesupport_fastrtps_cpp31get_message_type_support_handleIN19ros2_uav_interfaces3srv33ParameterClientRegister_Response_ISaIvEEEEEPK29rosidl_message_type_support_tv
FN:466,rosidl_typesupport_fastrtps_cpp__get_message_type_support_handle__ros2_uav_interfaces__srv__ParameterClientRegister_Response
FN:514,_ZN31rosidl_typesupport_fastrtps_cpp31get_service_type_support_handleIN19ros2_uav_interfaces3srv23ParameterClientRegisterEEEPK29rosidl_service_type_support_tv
FN:527,rosidl_typesupport_fastrtps_cpp__get_service_type_support_handle__ros2_uav_interfaces__srv__ParameterClientRegister
FNDA:0,_ZN19ros2_uav_interfaces3srv24typesupport_fastrtps_cppL48_ParameterClientRegister_Response__cdr_serializeEPKvRN8eprosima7fastcdr3CdrE
FNDA:0,_ZN31rosidl_typesupport_fastrtps_cpp31get_service_type_support_handleIN19ros2_uav_interfaces3srv23ParameterClientRegisterEEEPK29rosidl_service_type_support_tv
FNDA:0,rosidl_typesupport_fastrtps_cpp__get_service_type_support_handle__ros2_uav_interfaces__srv__ParameterClientRegister
FNDA:0,_ZN31rosidl_typesupport_fastrtps_cpp31get_message_type_support_handleIN19ros2_uav_interfaces3srv32ParameterClientRegister_Request_ISaIvEEEEEPK29rosidl_message_type_support_tv
FNDA:0,_ZN19ros2_uav_interfaces3srv24typesupport_fastrtps_cpp19get_serialized_sizeERKNS0_32ParameterClientRegister_Request_ISaIvEEEm
FNDA:0,_ZN19ros2_uav_interfaces3srv24typesupport_fastrtps_cppL53_ParameterClientRegister_Request__get_serialized_sizeEPKv
FNDA:0,_ZN19ros2_uav_interfaces3srv24typesupport_fastrtps_cpp52max_serialized_size_ParameterClientRegister_ResponseERbS2_m
FNDA:0,_ZN19ros2_uav_interfaces3srv24typesupport_fastrtps_cpp19get_serialized_sizeERKNS0_33ParameterClientRegister_Response_ISaIvEEEm
FNDA:0,_ZN19ros2_uav_interfaces3srv24typesupport_fastrtps_cpp51max_serialized_size_ParameterClientRegister_RequestERbS2_m
FNDA:0,_ZN19ros2_uav_interfaces3srv24typesupport_fastrtps_cpp13cdr_serializeERKNS0_32ParameterClientRegister_Request_ISaIvEEERN8eprosima7fastcdr3CdrE
FNDA:0,_ZN19ros2_uav_interfaces3srv24typesupport_fastrtps_cppL54_ParameterClientRegister_Response__max_serialized_sizeERc
FNDA:0,_ZN19ros2_uav_interfaces3srv24typesupport_fastrtps_cppL49_ParameterClientRegister_Request__cdr_deserializeERN8eprosima7fastcdr3CdrEPv
FNDA:0,_ZN19ros2_uav_interfaces3srv24typesupport_fastrtps_cppL54_ParameterClientRegister_Response__get_serialized_sizeEPKv
FNDA:0,_ZN19ros2_uav_interfaces3srv24typesupport_fastrtps_cpp15cdr_deserializeERN8eprosima7fastcdr3CdrERNS0_32ParameterClientRegister_Request_ISaIvEEE
FNDA:0,_ZN19ros2_uav_interfaces3srv24typesupport_fastrtps_cppL50_ParameterClientRegister_Response__cdr_deserializeERN8eprosima7fastcdr3CdrEPv
FNDA:0,rosidl_typesupport_fastrtps_cpp__get_message_type_support_handle__ros2_uav_interfaces__srv__ParameterClientRegister_Response
FNDA:0,_ZN19ros2_uav_interfaces3srv24typesupport_fastrtps_cppL47_ParameterClientRegister_Request__cdr_serializeEPKvRN8eprosima7fastcdr3CdrE
FNDA:0,_ZN19ros2_uav_interfaces3srv24typesupport_fastrtps_cppL53_ParameterClientRegister_Request__max_serialized_sizeERc
FNDA:0,_ZN19ros2_uav_interfaces3srv24typesupport_fastrtps_cpp15cdr_deserializeERN8eprosima7fastcdr3CdrERNS0_33ParameterClientRegister_Response_ISaIvEEE
FNDA:0,_ZN19ros2_uav_interfaces3srv24typesupport_fastrtps_cpp13cdr_serializeERKNS0_33ParameterClientRegister_Response_ISaIvEEERN8eprosima7fastcdr3CdrE
FNDA:0,_ZN31rosidl_typesupport_fastrtps_cpp31get_message_type_support_handleIN19ros2_uav_interfaces3srv33ParameterClientRegister_Response_ISaIvEEEEEPK29rosidl_message_type_support_tv
FNDA:0,rosidl_typesupport_fastrtps_cpp__get_message_type_support_handle__ros2_uav_interfaces__srv__ParameterClientRegister_Request
FNF:22
FNH:0
DA:31,0
DA:36,0
DA:38,0
DA:39,0
DA:44,0
DA:49,0
DA:54,0
DA:55,0
DA:58,0
DA:63,0
DA:67,0
DA:69,0
DA:70,0
DA:75,0
DA:76,0
DA:77,0
DA:80,0
DA:81,0
DA:82,0
DA:85,0
DA:90,0
DA:95,0
DA:97,0
DA:98,0
DA:99,0
DA:104,0
DA:105,0
DA:110,0
DA:112,0
DA:113,0
DA:114,0
DA:115,0
DA:116,0
DA:123,0
DA:125,0
DA:126,0
DA:129,0
DA:130,0
DA:135,0
DA:137,0
DA:139,0
DA:142,0
DA:145,0
DA:149,0
DA:152,0
DA:155,0
DA:159,0
DA:162,0
DA:165,0
DA:168,0
DA:171,0
DA:174,0
DA:180,0
DA:182,0
DA:185,0
DA:215,0
DA:217,0
DA:228,0
DA:229,0
DA:269,0
DA:274,0
DA:276,0
DA:277,0
DA:282,0
DA:289,0
DA:290,0
DA:294,0
DA:296,0
DA:301,0
DA:305,0
DA:307,0
DA:308,0
DA:314,0
DA:315,0
DA:316,0
DA:319,0
DA:320,0
DA:321,0
DA:323,0
DA:328,0
DA:333,0
DA:335,0
DA:336,0
DA:337,0
DA:342,0
DA:343,0
DA:348,0
DA:350,0
DA:351,0
DA:356,0
DA:358,0
DA:359,0
DA:360,0
DA:361,0
DA:362,0
DA:367,0
DA:368,0
DA:373,0
DA:375,0
DA:377,0
DA:380,0
DA:383,0
DA:387,0
DA:390,0
DA:393,0
DA:397,0
DA:400,0
DA:403,0
DA:406,0
DA:409,0
DA:412,0
DA:418,0
DA:420,0
DA:423,0
DA:453,0
DA:455,0
DA:466,0
DA:467,0
DA:514,0
DA:516,0
DA:527,0
DA:528,0
LF:122
LH:0
end_of_record
TN:
SF:/home/runner/work/ros2_uav_interfaces/ros2_uav_interfaces/build/ros2_uav_interfaces/rosidl_typesupport_introspection_c/ros2_uav_interfaces/msg/detail/coordinate__type_support.c
FN:31,ros2_uav_interfaces__msg__Coordinate__rosidl_typesupport_introspection_c__Coordinate_init_function
FN:40,ros2_uav_interfaces__msg__Coordinate__rosidl_typesupport_introspection_c__Coordinate_fini_function
FN:45,ros2_uav_interfaces__msg__Coordinate__rosidl_typesupport_introspection_c__size_function__Coordinate__timestamps
FN:53,ros2_uav_interfaces__msg__Coordinate__rosidl_typesupport_introspection_c__get_const_function__Coordinate__timestamps
FN:61,ros2_uav_interfaces__msg__Coordinate__rosidl_typesupport_introspection_c__get_function__Coordinate__timestamps
FN:69,ros2_uav_interfaces__msg__Coordinate__rosidl_typesupport_introspection_c__fetch_function__Coordinate__timestamps
FN:80,ros2_uav_interfaces__msg__Coordinate__rosidl_typesupport_introspection_c__assign_function__Coordinate__timestamps
FN:91,ros2_uav_interfaces__msg__Coordinate__rosidl_typesupport_introspection_c__resize_function__Coordinate__timestamps
FN:100,ros2_uav_interfaces__msg__Coordinate__rosidl_typesupport_introspection_c__size_function__Coordinate__derivatives
FN:108,ros2_uav_interfaces__msg__Coordinate__rosidl_typesupport_introspection_c__get_const_function__Coordinate__derivatives
FN:116,ros2_uav_interfaces__msg__Coordinate__rosidl_typesupport_introspection_c__get_function__Coordinate__derivatives
FN:124,ros2_uav_interfaces__msg__Coordinate__rosidl_typesupport_introspection_c__fetch_function__Coordinate__derivatives
FN:135,ros2_uav_interfaces__msg__Coordinate__rosidl_typesupport_introspection_c__assign_function__Coordinate__derivatives
FN:146,ros2_uav_interfaces__msg__Coordinate__rosidl_typesupport_introspection_c__resize_function__Coordinate__derivatives
FN:246,rosidl_typesupport_introspection_c__get_message_type_support_handle__ros2_uav_interfaces__msg__Coordinate
FNDA:0,ros2_uav_interfaces__msg__Coordinate__rosidl_typesupport_introspection_c__get_function__Coordinate__derivatives
FNDA:0,rosidl_typesupport_introspection_c__get_message_type_support_handle__ros2_uav_interfaces__msg__Coordinate
FNDA:0,ros2_uav_interfaces__msg__Coordinate__rosidl_typesupport_introspection_c__get_function__Coordinate__timestamps
FNDA:0,ros2_uav_interfaces__msg__Coordinate__rosidl_typesupport_introspection_c__resize_function__Coordinate__derivatives
FNDA:0,ros2_uav_interfaces__msg__Coordinate__rosidl_typesupport_introspection_c__assign_function__Coordinate__derivatives
FNDA:0,ros2_uav_interfaces__msg__Coordinate__rosidl_typesupport_introspection_c__Coordinate_init_function
FNDA:0,ros2_uav_interfaces__msg__Coordinate__rosidl_typesupport_introspection_c__get_const_function__Coordinate__derivatives
FNDA:0,ros2_uav_interfaces__msg__Coordinate__rosidl_typesupport_introspection_c__size_function__Coordinate__timestamps
FNDA:0,ros2_uav_interfaces__msg__Coordinate__rosidl_typesupport_introspection_c__fetch_function__Coordinate__derivatives
FNDA:0,ros2_uav_interfaces__msg__Coordinate__rosidl_typesupport_introspection_c__assign_function__Coordinate__timestamps
FNDA:0,ros2_uav_interfaces__msg__Coordinate__rosidl_typesupport_introspection_c__resize_function__Coordinate__timestamps
FNDA:0,ros2_uav_interfaces__msg__Coordinate__rosidl_typesupport_introspection_c__fetch_function__Coordinate__timestamps
FNDA:0,ros2_uav_interfaces__msg__Coordinate__rosidl_typesupport_introspection_c__Coordinate_fini_function
FNDA:0,ros2_uav_interfaces__msg__Coordinate__rosidl_typesupport_introspection_c__size_function__Coordinate__derivatives
FNDA:0,ros2_uav_interfaces__msg__Coordinate__rosidl_typesupport_introspection_c__get_const_function__Coordinate__timestamps
FNF:15
FNH:0
DA:31,0
DA:37,0
DA:38,0
DA:40,0
DA:42,0
DA:43,0
DA:45,0
DA:48,0
DA:50,0
DA:53,0
DA:56,0
DA:58,0
DA:61,0
DA:64,0
DA:66,0
DA:69,0
DA:74,0
DA:75,0
DA:77,0
DA:78,0
DA:80,0
DA:85,0
DA:86,0
DA:88,0
DA:89,0
DA:91,0
DA:94,0
DA:96,0
DA:97,0
DA:100,0
DA:103,0
DA:105,0
DA:108,0
DA:111,0
DA:113,0
DA:116,0
DA:119,0
DA:121,0
DA:124,0
DA:129,0
DA:130,0
DA:132,0
DA:133,0
DA:135,0
DA:140,0
DA:141,0
DA:143,0
DA:144,0
DA:146,0
DA:149,0
DA:151,0
DA:152,0
DA:246,0
DA:247,0
DA:248,0
DA:249,0
DA:250,0
DA:253,0
LF:58
LH:0
end_of_record
TN:
SF:/home/runner/work/ros2_uav_interfaces/ros2_uav_interfaces/build/ros2_uav_interfaces/rosidl_typesupport_introspection_c/ros2_uav_interfaces/msg/detail/float_array__type_support.c
FN:24,ros2_uav_interfaces__msg__FloatArray__rosidl_typesupport_introspection_c__FloatArray_init_function
FN:33,ros2_uav_interfaces__msg__FloatArray__rosidl_typesupport_introspection_c__FloatArray_fini_function
FN:38,ros2_uav_interfaces__msg__FloatArray__rosidl_typesupport_introspection_c__size_function__FloatArray__data
FN:46,ros2_uav_interfaces__msg__FloatArray__rosidl_typesupport_introspection_c__get_const_function__FloatArray__data
FN:54,ros2_uav_interfaces__msg__FloatArray__rosidl_typesupport_introspection_c__get_function__FloatArray__data
FN:62,ros2_uav_interfaces__msg__FloatArray__rosidl_typesupport_introspection_c__fetch_function__FloatArray__data
FN:73,ros2_uav_interfaces__msg__FloatArray__rosidl_typesupport_introspection_c__assign_function__FloatArray__data
FN:84,ros2_uav_interfaces__msg__FloatArray__rosidl_typesupport_introspection_c__resize_function__FloatArray__data
FN:133,rosidl_typesupport_introspection_c__get_message_type_support_handle__ros2_uav_interfaces__msg__FloatArray
FNDA:0,ros2_uav_interfaces__msg__FloatArray__rosidl_typesupport_introspection_c__fetch_function__FloatArray__data
FNDA:0,ros2_uav_interfaces__msg__FloatArray__rosidl_typesupport_introspection_c__size_function__FloatArray__data
FNDA:0,ros2_uav_interfaces__msg__FloatArray__rosidl_typesupport_introspection_c__FloatArray_fini_function
FNDA:0,ros2_uav_interfaces__msg__FloatArray__rosidl_typesupport_introspection_c__get_function__FloatArray__data
FNDA:0,ros2_uav_interfaces__msg__FloatArray__rosidl_typesupport_introspection_c__resize_function__FloatArray__data
FNDA:0,ros2_uav_interfaces__msg__FloatArray__rosidl_typesupport_introspection_c__FloatArray_init_function
FNDA:0,rosidl_typesupport_introspection_c__get_message_type_support_handle__ros2_uav_interfaces__msg__FloatArray
FNDA:0,ros2_uav_interfaces__msg__FloatArray__rosidl_typesupport_introspection_c__get_const_function__FloatArray__data
FNDA:0,ros2_uav_interfaces__msg__FloatArray__rosidl_typesupport_introspection_c__assign_function__FloatArray__data
FNF:9
FNH:0
DA:24,0
DA:30,0
DA:31,0
DA:33,0
DA:35,0
DA:36,0
DA:38,0
DA:41,0
DA:43,0
DA:46,0
DA:49,0
DA:51,0
DA:54,0
DA:57,0
DA:59,0
DA:62,0
DA:67,0
DA:68,0
DA:70,0
DA:71,0
DA:73,0
DA:78,0
DA:79,0
DA:81,0
DA:82,0
DA:84,0
DA:87,0
DA:89,0
DA:90,0
DA:133,0
DA:134,0
DA:135,0
DA:138,0
LF:33
LH:0
end_of_record
TN:
SF:/home/runner/work/ros2_uav_interfaces/ros2_uav_interfaces/build/ros2_uav_interfaces/rosidl_typesupport_introspection_c/ros2_uav_interfaces/msg/detail/pose_heading__type_support.c
FN:34,ros2_uav_interfaces__msg__PoseHeading__rosidl_typesupport_introspection_c__PoseHeading_init_function
FN:43,ros2_uav_interfaces__msg__PoseHeading__rosidl_typesupport_introspection_c__PoseHeading_fini_function
FN:139,rosidl_typesupport_introspection_c__get_message_type_support_handle__ros2_uav_interfaces__msg__PoseHeading
FNDA:0,rosidl_typesupport_introspection_c__get_message_type_support_handle__ros2_uav_interfaces__msg__PoseHeading
FNDA:0,ros2_uav_interfaces__msg__PoseHeading__rosidl_typesupport_introspection_c__PoseHeading_init_function
FNDA:0,ros2_uav_interfaces__msg__PoseHeading__rosidl_typesupport_introspection_c__PoseHeading_fini_function
FNF:3
FNH:0
DA:34,0
DA:40,0
DA:41,0
DA:43,0
DA:45,0
DA:46,0
DA:139,0
DA:140,0
DA:141,0
DA:142,0
DA:143,0
DA:144,0
DA:145,0
DA:146,0
DA:147,0
DA:150,0
LF:16
LH:0
end_of_record
TN:
SF:/home/runner/work/ros2_uav_interfaces/ros2_uav_interfaces/build/ros2_uav_interfaces/rosidl_typesupport_introspection_c/ros2_uav_interfaces/srv/detail/parameter_client_register__type_support.c
FN:24,ros2_uav_interfaces__srv__ParameterClientRegister_Request__rosidl_typesupport_introspection_c__ParameterClientRegister_Request_init_function
FN:33,ros2_uav_interfaces__srv__ParameterClientRegister_Request__rosidl_typesupport_introspection_c__ParameterClientRegister_Request_fini_function
FN:95,rosidl_typesupport_introspection_c__get_message_type_support_handle__ros2_uav_interfaces__srv__ParameterClientRegister_Request
FN:134,ros2_uav_interfaces__srv__ParameterClientRegister_Response__rosidl_typesupport_introspection_c__ParameterClientRegister_Response_init_function
FN:143,ros2_uav_interfaces__srv__ParameterClientRegister_Response__rosidl_typesupport_introspection_c__ParameterClientRegister_Response_fini_function
FN:205,rosidl_typesupport_introspection_c__get_message_type_support_handle__ros2_uav_interfaces__srv__ParameterClientRegister_Response
FN:251,rosidl_typesupport_introspection_c__get_service_type_support_handle__ros2_uav_interfaces__srv__ParameterClientRegister
FNDA:0,rosidl_typesupport_introspection_c__get_service_type_support_handle__ros2_uav_interfaces__srv__ParameterClientRegister
FNDA:0,ros2_uav_interfaces__srv__ParameterClientRegister_Request__rosidl_typesupport_introspection_c__ParameterClientRegister_Request_fini_function
FNDA:0,ros2_uav_interfaces__srv__ParameterClientRegister_Response__rosidl_typesupport_introspection_c__ParameterClientRegister_Response_init_function
FNDA:0,rosidl_typesupport_introspection_c__get_message_type_support_handle__ros2_uav_interfaces__srv__ParameterClientRegister_Response
FNDA:0,ros2_uav_interfaces__srv__ParameterClientRegister_Response__rosidl_typesupport_introspection_c__ParameterClientRegister_Response_fini_function
FNDA:0,rosidl_typesupport_introspection_c__get_message_type_support_handle__ros2_uav_interfaces__srv__ParameterClientRegister_Request
FNDA:0,ros2_uav_interfaces__srv__ParameterClientRegister_Request__rosidl_typesupport_introspection_c__ParameterClientRegister_Request_init_function
FNF:7
FNH:0
DA:24,0
DA:30,0
DA:31,0
DA:33,0
DA:35,0
DA:36,0
DA:95,0
DA:96,0
DA:97,0
DA:100,0
DA:134,0
DA:140,0
DA:141,0
DA:143,0
DA:145,0
DA:146,0
DA:205,0
DA:206,0
DA:207,0
DA:210,0
DA:251,0
DA:252,0
DA:253,0
DA:256,0
DA:259,0
DA:260,0
DA:262,0
DA:264,0
DA:265,0
DA:267,0
DA:270,0
LF:31
LH:0
end_of_record
TN:
SF:/home/runner/work/ros2_uav_interfaces/ros2_uav_interfaces/build/ros2_uav_interfaces/rosidl_typesupport_introspection_cpp/ros2_uav_interfaces/msg/detail/coordinate__type_support.cpp
FN:28,_ZN19ros2_uav_interfaces3msg36rosidl_typesupport_introspection_cpp24Coordinate_init_functionEPvN18rosidl_runtime_cpp21MessageInitializationE
FN:34,_ZN19ros2_uav_interfaces3msg36rosidl_typesupport_introspection_cpp24Coordinate_fini_functionEPv
FN:40,_ZN19ros2_uav_interfaces3msg36rosidl_typesupport_introspection_cpp37size_function__Coordinate__timestampsEPKv
FN:46,_ZN19ros2_uav_interfaces3msg36rosidl_typesupport_introspection_cpp42get_const_function__Coordinate__timestampsEPKvm
FN:53,_ZN19ros2_uav_interfaces3msg36rosidl_typesupport_introspection_cpp36get_function__Coordinate__timestampsEPvm
FN:60,_ZN19ros2_uav_interfaces3msg36rosidl_typesupport_introspection_cpp38fetch_function__Coordinate__timestampsEPKvmPv
FN:69,_ZN19ros2_uav_interfaces3msg36rosidl_typesupport_introspection_cpp39assign_function__Coordinate__timestampsEPvmPKv
FN:78,_ZN19ros2_uav_interfaces3msg36rosidl_typesupport_introspection_cpp39resize_function__Coordinate__timestampsEPvm
FN:85,_ZN19ros2_uav_interfaces3msg36rosidl_typesupport_introspection_cpp38size_function__Coordinate__derivativesEPKv
FN:91,_ZN19ros2_uav_interfaces3msg36rosidl_typesupport_introspection_cpp43get_const_function__Coordinate__derivativesEPKvm
FN:98,_ZN19ros2_uav_interfaces3msg36rosidl_typesupport_introspection_cpp37get_function__Coordinate__derivativesEPvm
FN:105,_ZN19ros2_uav_interfaces3msg36rosidl_typesupport_introspection_cpp39fetch_function__Coordinate__derivativesEPKvmPv
FN:114,_ZN19ros2_uav_interfaces3msg36rosidl_typesupport_introspection_cpp40assign_function__Coordinate__derivativesEPvmPKv
FN:123,_ZN19ros2_uav_interfaces3msg36rosidl_typesupport_introspection_cpp40resize_function__Coordinate__derivativesEPvm
FN:230,_ZN36rosidl_typesupport_introspection_cpp31get_message_type_support_handleIN19ros2_uav_interfaces3msg11Coordinate_ISaIvEEEEEPK29rosidl_message_type_support_tv
FN:244,rosidl_typesupport_introspection_cpp__get_message_type_support_handle__ros2_uav_interfaces__msg__Coordinate
FNDA:0,_ZN19ros2_uav_interfaces3msg36rosidl_typesupport_introspection_cpp36get_function__Coordinate__timestampsEPvm
FNDA:0,_ZN19ros2_uav_interfaces3msg36rosidl_typesupport_introspection_cpp40assign_function__Coordinate__derivativesEPvmPKv
FNDA:0,_ZN19ros2_uav_interfaces3msg36rosidl_typesupport_introspection_cpp38fetch_function__Coordinate__timestampsEPKvmPv
FNDA:0,_ZN19ros2_uav_interfaces3msg36rosidl_typesupport_introspection_cpp39fetch_function__Coordinate__derivativesEPKvmPv
FNDA:0,_ZN19ros2_uav_interfaces3msg36rosidl_typesupport_introspection_cpp43get_const_function__Coordinate__derivativesEPKvm
FNDA:0,_ZN19ros2_uav_interfaces3msg36rosidl_typesupport_introspection_cpp38size_function__Coordinate__derivativesEPKv
FNDA:0,_ZN19ros2_uav_interfaces3msg36rosidl_typesupport_introspection_cpp42get_const_function__Coordinate__timestampsEPKvm
FNDA:0,rosidl_typesupport_introspection_cpp__get_message_type_support_handle__ros2_uav_interfaces__msg__Coordinate
FNDA:0,_ZN19ros2_uav_interfaces3msg36rosidl_typesupport_introspection_cpp39resize_function__Coordinate__timestampsEPvm
FNDA:0,_ZN19ros2_uav_interfaces3msg36rosidl_typesupport_introspection_cpp24Coordinate_fini_functionEPv
FNDA:0,_ZN36rosidl_typesupport_introspection_cpp31get_message_type_support_handleIN19ros2_uav_interfaces3msg11Coordinate_ISaIvEEEEEPK29rosidl_message_type_support_tv
FNDA:0,_ZN19ros2_uav_interfaces3msg36rosidl_typesupport_introspection_cpp39assign_function__Coordinate__timestampsEPvmPKv
FNDA:0,_ZN19ros2_uav_interfaces3msg36rosidl_typesupport_introspection_cpp37get_function__Coordinate__derivativesEPvm
FNDA:0,_ZN19ros2_uav_interfaces3msg36rosidl_typesupport_introspection_cpp24Coordinate_init_functionEPvN18rosidl_runtime_cpp21MessageInitializationE
FNDA:0,_ZN19ros2_uav_interfaces3msg36rosidl_typesupport_introspection_cpp40resize_function__Coordinate__derivativesEPvm
FNDA:0,_ZN19ros2_uav_interfaces3msg36rosidl_typesupport_introspection_cpp37size_function__Coordinate__timestampsEPKv
FNF:16
FNH:0
DA:28,0
DA:31,0
DA:32,0
DA:34,0
DA:36,0
DA:37,0
DA:38,0
DA:40,0
DA:42,0
DA:43,0
DA:46,0
DA:48,0
DA:50,0
DA:53,0
DA:55,0
DA:57,0
DA:60,0
DA:64,0
DA:65,0
DA:66,0
DA:67,0
DA:69,0
DA:73,0
DA:74,0
DA:75,0
DA:76,0
DA:78,0
DA:80,0
DA:82,0
DA:83,0
DA:85,0
DA:87,0
DA:88,0
DA:91,0
DA:93,0
DA:95,0
DA:98,0
DA:100,0
DA:102,0
DA:105,0
DA:109,0
DA:110,0
DA:111,0
DA:112,0
DA:114,0
DA:118,0
DA:119,0
DA:120,0
DA:121,0
DA:123,0
DA:125,0
DA:127,0
DA:128,0
DA:230,0
DA:232,0
DA:244,0
DA:245,0
LF:57
LH:0
end_of_record
TN:
SF:/home/runner/work/ros2_uav_interfaces/ros2_uav_interfaces/build/ros2_uav_interfaces/rosidl_typesupport_introspection_cpp/ros2_uav_interfaces/msg/detail/float_array__type_support.cpp
FN:28,_ZN19ros2_uav_interfaces3msg36rosidl_typesupport_introspection_cpp24FloatArray_init_functionEPvN18rosidl_runtime_cpp21MessageInitializationE
FN:34,_ZN19ros2_uav_interfaces3msg36rosidl_typesupport_introspection_cpp24FloatArray_fini_functionEPv
FN:40,_ZN19ros2_uav_interfaces3msg36rosidl_typesupport_introspection_cpp31size_function__FloatArray__dataEPKv
FN:46,_ZN19ros2_uav_interfaces3msg36rosidl_typesupport_introspection_cpp36get_const_function__FloatArray__dataEPKvm
FN:53,_ZN19ros2_uav_interfaces3msg36rosidl_typesupport_introspection_cpp30get_function__FloatArray__dataEPvm
FN:60,_ZN19ros2_uav_interfaces3msg36rosidl_typesupport_introspection_cpp32fetch_function__FloatArray__dataEPKvmPv
FN:69,_ZN19ros2_uav_interfaces3msg36rosidl_typesupport_introspection_cpp33assign_function__FloatArray__dataEPvmPKv
FN:78,_ZN19ros2_uav_interfaces3msg36rosidl_typesupport_introspection_cpp33resize_function__FloatArray__dataEPvm
FN:134,_ZN36rosidl_typesupport_introspection_cpp31get_message_type_support_handleIN19ros2_uav_interfaces3msg11FloatArray_ISaIvEEEEEPK29rosidl_message_type_support_tv
FN:148,rosidl_typesupport_introspection_cpp__get_message_type_support_handle__ros2_uav_interfaces__msg__FloatArray
FNDA:0,_ZN19ros2_uav_interfaces3msg36rosidl_typesupport_introspection_cpp30get_function__FloatArray__dataEPvm
FNDA:0,rosidl_typesupport_introspection_cpp__get_message_type_support_handle__ros2_uav_interfaces__msg__FloatArray
FNDA:0,_ZN19ros2_uav_interfaces3msg36rosidl_typesupport_introspection_cpp33assign_function__FloatArray__dataEPvmPKv
FNDA:0,_ZN36rosidl_typesupport_introspection_cpp31get_message_type_support_handleIN19ros2_uav_interfaces3msg11FloatArray_ISaIvEEEEEPK29rosidl_message_type_support_tv
FNDA:0,_ZN19ros2_uav_interfaces3msg36rosidl_typesupport_introspection_cpp24FloatArray_init_functionEPvN18rosidl_runtime_cpp21MessageInitializationE
FNDA:0,_ZN19ros2_uav_interfaces3msg36rosidl_typesupport_introspection_cpp32fetch_function__FloatArray__dataEPKvmPv
FNDA:0,_ZN19ros2_uav_interfaces3msg36rosidl_typesupport_introspection_cpp33resize_function__FloatArray__dataEPvm
FNDA:0,_ZN19ros2_uav_interfaces3msg36rosidl_typesupport_introspection_cpp36get_const_function__FloatArray__dataEPKvm
FNDA:0,_ZN19ros2_uav_interfaces3msg36rosidl_typesupport_introspection_cpp31size_function__FloatArray__dataEPKv
FNDA:0,_ZN19ros2_uav_interfaces3msg36rosidl_typesupport_introspection_cpp24FloatArray_fini_functionEPv
FNF:10
FNH:0
DA:28,0
DA:31,0
DA:32,0
DA:34,0
DA:36,0
DA:37,0
DA:38,0
DA:40,0
DA:42,0
DA:43,0
DA:46,0
DA:48,0
DA:50,0
DA:53,0
DA:55,0
DA:57,0
DA:60,0
DA:64,0
DA:65,0
DA:66,0
DA:67,0
DA:69,0
DA:73,0
DA:74,0
DA:75,0
DA:76,0
DA:78,0
DA:80,0
DA:82,0
DA:83,0
DA:134,0
DA:136,0
DA:148,0
DA:149,0
LF:34
LH:0
end_of_record
TN:
SF:/home/runner/work/ros2_uav_interfaces/ros2_uav_interfaces/build/ros2_uav_interfaces/rosidl_typesupport_introspection_cpp/ros2_uav_interfaces/msg/detail/pose_heading__type_support.cpp
FN:28,_ZN19ros2_uav_interfaces3msg36rosidl_typesupport_introspection_cpp25PoseHeading_init_functionEPvN18rosidl_runtime_cpp21MessageInitializationE
FN:34,_ZN19ros2_uav_interfaces3msg36rosidl_typesupport_introspection_cpp25PoseHeading_fini_functionEPv
FN:140,_ZN36rosidl_typesupport_introspection_cpp31get_message_type_support_handleIN19ros2_uav_interfaces3msg12PoseHeading_ISaIvEEEEEPK29rosidl_message_type_support_tv
FN:154,rosidl_typesupport_introspection_cpp__get_message_type_support_handle__ros2_uav_interfaces__msg__PoseHeading
FNDA:0,_ZN19ros2_uav_interfaces3msg36rosidl_typesupport_introspection_cpp25PoseHeading_fini_functionEPv
FNDA:0,rosidl_typesupport_introspection_cpp__get_message_type_support_handle__ros2_uav_interfaces__msg__PoseHeading
FNDA:0,_ZN36rosidl_typesupport_introspection_cpp31get_message_type_support_handleIN19ros2_uav_interfaces3msg12PoseHeading_ISaIvEEEEEPK29rosidl_message_type_support_tv
FNDA:0,_ZN19ros2_uav_interfaces3msg36rosidl_typesupport_introspection_cpp25PoseHeading_init_functionEPvN18rosidl_runtime_cpp21MessageInitializationE
FNF:4
FNH:0
DA:28,0
DA:31,0
DA:32,0
DA:34,0
DA:36,0
DA:37,0
DA:38,0
DA:140,0
DA:142,0
DA:154,0
DA:155,0
LF:11
LH:0
end_of_record
TN:
SF:/home/runner/work/ros2_uav_interfaces/ros2_uav_interfaces/build/ros2_uav_interfaces/rosidl_typesupport_introspection_cpp/ros2_uav_interfaces/srv/detail/parameter_client_register__type_support.cpp
FN:28,_ZN19ros2_uav_interfaces3srv36rosidl_typesupport_introspection_cpp45ParameterClientRegister_Request_init_functionEPvN18rosidl_runtime_cpp21MessageInitializationE
FN:34,_ZN19ros2_uav_interfaces3srv36rosidl_typesupport_introspection_cpp45ParameterClientRegister_Request_fini_functionEPv
FN:106,_ZN36rosidl_typesupport_introspection_cpp31get_message_type_support_handleIN19ros2_uav_interfaces3srv32ParameterClientRegister_Request_ISaIvEEEEEPK29rosidl_message_type_support_tv
FN:120,rosidl_typesupport_introspection_cpp__get_message_type_support_handle__ros2_uav_interfaces__srv__ParameterClientRegister_Request
FN:164,_ZN19ros2_uav_interfaces3srv36rosidl_typesupport_introspection_cpp46ParameterClientRegister_Response_init_functionEPvN18rosidl_runtime_cpp21MessageInitializationE
FN:170,_ZN19ros2_uav_interfaces3srv36rosidl_typesupport_introspection_cpp46ParameterClientRegister_Response_fini_functionEPv
FN:242,_ZN36rosidl_typesupport_introspection_cpp31get_message_type_support_handleIN19ros2_uav_interfaces3srv33ParameterClientRegister_Response_ISaIvEEEEEPK29rosidl_message_type_support_tv
FN:256,rosidl_typesupport_introspection_cpp__get_message_type_support_handle__ros2_uav_interfaces__srv__ParameterClientRegister_Response
FN:319,_ZN36rosidl_typesupport_introspection_cpp31get_service_type_support_handleIN19ros2_uav_interfaces3srv23ParameterClientRegisterEEEPK29rosidl_service_type_support_tv
FN:364,rosidl_typesupport_introspection_cpp__get_service_type_support_handle__ros2_uav_interfaces__srv__ParameterClientRegister
FNDA:0,_ZN36rosidl_typesupport_introspection_cpp31get_message_type_support_handleIN19ros2_uav_interfaces3srv33ParameterClientRegister_Response_ISaIvEEEEEPK29rosidl_message_type_support_tv
FNDA:0,_ZN36rosidl_typesupport_introspection_cpp31get_message_type_support_handleIN19ros2_uav_interfaces3srv32ParameterClientRegister_Request_ISaIvEEEEEPK29rosidl_message_type_support_tv
FNDA:0,rosidl_typesupport_introspection_cpp__get_message_type_support_handle__ros2_uav_interfaces__srv__ParameterClientRegister_Request
FNDA:0,_ZN19ros2_uav_interfaces3srv36rosidl_typesupport_introspection_cpp45ParameterClientRegister_Request_init_functionEPvN18rosidl_runtime_cpp21MessageInitializationE
FNDA:0,rosidl_typesupport_introspection_cpp__get_message_type_support_handle__ros2_uav_interfaces__srv__ParameterClientRegister_Response
FNDA:0,_ZN19ros2_uav_interfaces3srv36rosidl_typesupport_introspection_cpp45ParameterClientRegister_Request_fini_functionEPv
FNDA:0,_ZN19ros2_uav_interfaces3srv36rosidl_typesupport_introspection_cpp46ParameterClientRegister_Response_init_functionEPvN18rosidl_runtime_cpp21MessageInitializationE
FNDA:0,_ZN19ros2_uav_interfaces3srv36rosidl_typesupport_introspection_cpp46ParameterClientRegister_Response_fini_functionEPv
FNDA:0,rosidl_typesupport_introspection_cpp__get_service_type_support_handle__ros2_uav_interfaces__srv__ParameterClientRegister
FNDA:0,_ZN36rosidl_typesupport_introspection_cpp31get_service_type_support_handleIN19ros2_uav_interfaces3srv23ParameterClientRegisterEEEPK29rosidl_service_type_support_tv
FNF:10
FNH:0
DA:28,0
DA:31,0
DA:32,0
DA:34,0
DA:36,0
DA:37,0
DA:38,0
DA:106,0
DA:108,0
DA:120,0
DA:121,0
DA:164,0
DA:167,0
DA:168,0
DA:170,0
DA:172,0
DA:173,0
DA:174,0
DA:242,0
DA:244,0
DA:256,0
DA:257,0
DA:319,0
DA:322,0
DA:325,0
DA:330,0
DA:331,0
DA:332,0
DA:335,0
DA:340,0
DA:343,0
DA:348,0
DA:352,0
DA:364,0
DA:365,0
LF:35
LH:0
end_of_record
